{"C:\\Users\\Surface\\Project\\SwapShop\\SwapShop\\api.js": {"path":"C:\\Users\\Surface\\Project\\SwapShop\\SwapShop\\api.js","statementMap":{"0":{"start":{"line":2,"column":4},"end":{"line":2,"column":17}},"1":{"start":{"line":4,"column":2},"end":{"line":4,"column":23}}},"fnMap":{"0":{"name":"sum","decl":{"start":{"line":1,"column":9},"end":{"line":1,"column":12}},"loc":{"start":{"line":1,"column":19},"end":{"line":3,"column":3}},"line":1}},"branchMap":{},"s":{"0":1,"1":1},"f":{"0":1},"b":{},"_coverageSchema":"1a1c01bbd47fc00a2c39e90264f33305004495a9","hash":"02880228f8b2596d9bb0eb75e85293164dee57e0"}
,"C:\\Users\\Surface\\Project\\SwapShop\\SwapShop\\assets\\Icon\\add-64.png": {"path":"C:\\Users\\Surface\\Project\\SwapShop\\SwapShop\\assets\\Icon\\add-64.png","statementMap":{"0":{"start":{"line":1,"column":0},"end":{"line":4,"column":6}}},"fnMap":{},"branchMap":{},"s":{"0":1},"f":{},"b":{},"_coverageSchema":"1a1c01bbd47fc00a2c39e90264f33305004495a9","hash":"abdc115ecdca7e8e211e6dbed219ddba3ecdebfa"}
,"C:\\Users\\Surface\\Project\\SwapShop\\SwapShop\\assets\\Icon\\back-32.png": {"path":"C:\\Users\\Surface\\Project\\SwapShop\\SwapShop\\assets\\Icon\\back-32.png","statementMap":{"0":{"start":{"line":1,"column":0},"end":{"line":4,"column":6}}},"fnMap":{},"branchMap":{},"s":{"0":1},"f":{},"b":{},"_coverageSchema":"1a1c01bbd47fc00a2c39e90264f33305004495a9","hash":"2dc3ddf4c8fd6da0a77e8d52cc6cf2332e966549"}
,"C:\\Users\\Surface\\Project\\SwapShop\\SwapShop\\assets\\Icon\\search-in.png": {"path":"C:\\Users\\Surface\\Project\\SwapShop\\SwapShop\\assets\\Icon\\search-in.png","statementMap":{"0":{"start":{"line":1,"column":0},"end":{"line":4,"column":6}}},"fnMap":{},"branchMap":{},"s":{"0":1},"f":{},"b":{},"_coverageSchema":"1a1c01bbd47fc00a2c39e90264f33305004495a9","hash":"ffd65b25f25dfd03da150a3499e9abb222704251"}
,"C:\\Users\\Surface\\Project\\SwapShop\\SwapShop\\assets\\Image\\gradient.jpg": {"path":"C:\\Users\\Surface\\Project\\SwapShop\\SwapShop\\assets\\Image\\gradient.jpg","statementMap":{"0":{"start":{"line":1,"column":0},"end":{"line":4,"column":6}}},"fnMap":{},"branchMap":{},"s":{"0":1},"f":{},"b":{},"_coverageSchema":"1a1c01bbd47fc00a2c39e90264f33305004495a9","hash":"e499cf35588e19c5ba1ee5817632d57893d2238c"}
,"C:\\Users\\Surface\\Project\\SwapShop\\SwapShop\\assets\\Image\\image.png": {"path":"C:\\Users\\Surface\\Project\\SwapShop\\SwapShop\\assets\\Image\\image.png","statementMap":{"0":{"start":{"line":1,"column":0},"end":{"line":4,"column":6}}},"fnMap":{},"branchMap":{},"s":{"0":1},"f":{},"b":{},"_coverageSchema":"1a1c01bbd47fc00a2c39e90264f33305004495a9","hash":"5f05638df7378c6939a0a8aa0dce8fcbf5603752"}
,"C:\\Users\\Surface\\Project\\SwapShop\\SwapShop\\components\\PostCard.js": {"path":"C:\\Users\\Surface\\Project\\SwapShop\\SwapShop\\components\\PostCard.js","statementMap":{"0":{"start":{"line":20,"column":17},"end":{"line":77,"column":1}},"1":{"start":{"line":21,"column":15},"end":{"line":21,"column":33}},"2":{"start":{"line":23,"column":2},"end":{"line":76,"column":4}},"3":{"start":{"line":42,"column":29},"end":{"line":50,"column":13}},"4":{"start":{"line":57,"column":14},"end":{"line":63,"column":15}},"5":{"start":{"line":69,"column":40},"end":{"line":69,"column":57}}},"fnMap":{"0":{"name":"(anonymous_0)","decl":{"start":{"line":20,"column":17},"end":{"line":20,"column":18}},"loc":{"start":{"line":20,"column":57},"end":{"line":77,"column":1}},"line":20},"1":{"name":"(anonymous_1)","decl":{"start":{"line":42,"column":23},"end":{"line":42,"column":24}},"loc":{"start":{"line":42,"column":29},"end":{"line":50,"column":13}},"line":42},"2":{"name":"(anonymous_2)","decl":{"start":{"line":56,"column":21},"end":{"line":56,"column":22}},"loc":{"start":{"line":57,"column":14},"end":{"line":63,"column":15}},"line":57},"3":{"name":"(anonymous_3)","decl":{"start":{"line":69,"column":34},"end":{"line":69,"column":35}},"loc":{"start":{"line":69,"column":40},"end":{"line":69,"column":57}},"line":69}},"branchMap":{"0":{"loc":{"start":{"line":40,"column":11},"end":{"line":53,"column":18}},"type":"cond-expr","locations":[{"start":{"line":41,"column":10},"end":{"line":52,"column":24}},{"start":{"line":53,"column":14},"end":{"line":53,"column":18}}],"line":40},"1":{"loc":{"start":{"line":54,"column":11},"end":{"line":67,"column":18}},"type":"cond-expr","locations":[{"start":{"line":55,"column":10},"end":{"line":66,"column":24}},{"start":{"line":67,"column":14},"end":{"line":67,"column":18}}],"line":54},"2":{"loc":{"start":{"line":68,"column":11},"end":{"line":72,"column":18}},"type":"cond-expr","locations":[{"start":{"line":69,"column":12},"end":{"line":71,"column":26}},{"start":{"line":72,"column":14},"end":{"line":72,"column":18}}],"line":68}},"s":{"0":1,"1":0,"2":0,"3":0,"4":0,"5":0},"f":{"0":0,"1":0,"2":0,"3":0},"b":{"0":[0,0],"1":[0,0],"2":[0,0]},"_coverageSchema":"1a1c01bbd47fc00a2c39e90264f33305004495a9","hash":"3b28f1faf37cc526b153dfde30f5ce121cd8d5a7"}
,"C:\\Users\\Surface\\Project\\SwapShop\\SwapShop\\components\\ViewItemPostCard.js": {"path":"C:\\Users\\Surface\\Project\\SwapShop\\SwapShop\\components\\ViewItemPostCard.js","statementMap":{"0":{"start":{"line":20,"column":28},"end":{"line":35,"column":1}},"1":{"start":{"line":21,"column":16},"end":{"line":21,"column":34}},"2":{"start":{"line":23,"column":4},"end":{"line":33,"column":6}}},"fnMap":{"0":{"name":"(anonymous_0)","decl":{"start":{"line":20,"column":28},"end":{"line":20,"column":29}},"loc":{"start":{"line":20,"column":40},"end":{"line":35,"column":1}},"line":20}},"branchMap":{},"s":{"0":1,"1":0,"2":0},"f":{"0":0},"b":{},"_coverageSchema":"1a1c01bbd47fc00a2c39e90264f33305004495a9","hash":"16b4692d68fde94fab162d3077bbab700dd45648"}
,"C:\\Users\\Surface\\Project\\SwapShop\\SwapShop\\components\\ViewRequestPostCard.js": {"path":"C:\\Users\\Surface\\Project\\SwapShop\\SwapShop\\components\\ViewRequestPostCard.js","statementMap":{"0":{"start":{"line":20,"column":22},"end":{"line":39,"column":1}},"1":{"start":{"line":21,"column":16},"end":{"line":21,"column":34}},"2":{"start":{"line":23,"column":4},"end":{"line":37,"column":6}}},"fnMap":{"0":{"name":"(anonymous_0)","decl":{"start":{"line":20,"column":22},"end":{"line":20,"column":23}},"loc":{"start":{"line":20,"column":34},"end":{"line":39,"column":1}},"line":20}},"branchMap":{},"s":{"0":1,"1":0,"2":0},"f":{"0":0},"b":{},"_coverageSchema":"1a1c01bbd47fc00a2c39e90264f33305004495a9","hash":"a632c1a91f0d34678a958d7c1cdbc92958ca2225"}
,"C:\\Users\\Surface\\Project\\SwapShop\\SwapShop\\mocks\\fieldValue.js": {"path":"C:\\Users\\Surface\\Project\\SwapShop\\SwapShop\\mocks\\fieldValue.js","statementMap":{"0":{"start":{"line":1,"column":33},"end":{"line":1,"column":42}},"1":{"start":{"line":2,"column":34},"end":{"line":2,"column":43}},"2":{"start":{"line":3,"column":29},"end":{"line":3,"column":38}},"3":{"start":{"line":4,"column":32},"end":{"line":4,"column":41}},"4":{"start":{"line":5,"column":38},"end":{"line":5,"column":47}},"5":{"start":{"line":9,"column":4},"end":{"line":9,"column":21}},"6":{"start":{"line":10,"column":4},"end":{"line":10,"column":23}},"7":{"start":{"line":14,"column":4},"end":{"line":14,"column":97}},"8":{"start":{"line":18,"column":4},"end":{"line":18,"column":43}},"9":{"start":{"line":19,"column":4},"end":{"line":21,"column":5}},"10":{"start":{"line":20,"column":6},"end":{"line":20,"column":28}},"11":{"start":{"line":22,"column":4},"end":{"line":22,"column":50}},"12":{"start":{"line":26,"column":4},"end":{"line":26,"column":44}},"13":{"start":{"line":27,"column":4},"end":{"line":29,"column":5}},"14":{"start":{"line":28,"column":6},"end":{"line":28,"column":28}},"15":{"start":{"line":30,"column":4},"end":{"line":30,"column":51}},"16":{"start":{"line":34,"column":4},"end":{"line":34,"column":42}},"17":{"start":{"line":35,"column":4},"end":{"line":35,"column":47}},"18":{"start":{"line":39,"column":4},"end":{"line":39,"column":48}},"19":{"start":{"line":40,"column":4},"end":{"line":40,"column":45}},"20":{"start":{"line":44,"column":4},"end":{"line":44,"column":39}},"21":{"start":{"line":45,"column":4},"end":{"line":45,"column":36}},"22":{"start":{"line":49,"column":0},"end":{"line":58,"column":2}}},"fnMap":{"0":{"name":"(anonymous_0)","decl":{"start":{"line":8,"column":2},"end":{"line":8,"column":3}},"loc":{"start":{"line":8,"column":27},"end":{"line":11,"column":3}},"line":8},"1":{"name":"(anonymous_1)","decl":{"start":{"line":13,"column":2},"end":{"line":13,"column":3}},"loc":{"start":{"line":13,"column":17},"end":{"line":15,"column":3}},"line":13},"2":{"name":"(anonymous_2)","decl":{"start":{"line":17,"column":2},"end":{"line":17,"column":3}},"loc":{"start":{"line":17,"column":35},"end":{"line":23,"column":3}},"line":17},"3":{"name":"(anonymous_3)","decl":{"start":{"line":25,"column":2},"end":{"line":25,"column":3}},"loc":{"start":{"line":25,"column":31},"end":{"line":31,"column":3}},"line":25},"4":{"name":"(anonymous_4)","decl":{"start":{"line":33,"column":2},"end":{"line":33,"column":3}},"loc":{"start":{"line":33,"column":31},"end":{"line":36,"column":3}},"line":33},"5":{"name":"(anonymous_5)","decl":{"start":{"line":38,"column":2},"end":{"line":38,"column":3}},"loc":{"start":{"line":38,"column":27},"end":{"line":41,"column":3}},"line":38},"6":{"name":"(anonymous_6)","decl":{"start":{"line":43,"column":2},"end":{"line":43,"column":3}},"loc":{"start":{"line":43,"column":18},"end":{"line":46,"column":3}},"line":43}},"branchMap":{"0":{"loc":{"start":{"line":14,"column":11},"end":{"line":14,"column":96}},"type":"binary-expr","locations":[{"start":{"line":14,"column":11},"end":{"line":14,"column":38}},{"start":{"line":14,"column":42},"end":{"line":14,"column":66}},{"start":{"line":14,"column":70},"end":{"line":14,"column":96}}],"line":14},"1":{"loc":{"start":{"line":17,"column":20},"end":{"line":17,"column":33}},"type":"default-arg","locations":[{"start":{"line":17,"column":31},"end":{"line":17,"column":33}}],"line":17},"2":{"loc":{"start":{"line":19,"column":4},"end":{"line":21,"column":5}},"type":"if","locations":[{"start":{"line":19,"column":4},"end":{"line":21,"column":5}},{"start":{},"end":{}}],"line":19},"3":{"loc":{"start":{"line":27,"column":4},"end":{"line":29,"column":5}},"type":"if","locations":[{"start":{"line":27,"column":4},"end":{"line":29,"column":5}},{"start":{},"end":{}}],"line":27},"4":{"loc":{"start":{"line":33,"column":19},"end":{"line":33,"column":29}},"type":"default-arg","locations":[{"start":{"line":33,"column":28},"end":{"line":33,"column":29}}],"line":33}},"s":{"0":1,"1":1,"2":1,"3":1,"4":1,"5":0,"6":0,"7":0,"8":0,"9":0,"10":0,"11":0,"12":0,"13":0,"14":0,"15":0,"16":0,"17":0,"18":0,"19":0,"20":0,"21":0,"22":1},"f":{"0":0,"1":0,"2":0,"3":0,"4":0,"5":0,"6":0},"b":{"0":[0,0,0],"1":[0],"2":[0,0],"3":[0,0],"4":[0]},"_coverageSchema":"1a1c01bbd47fc00a2c39e90264f33305004495a9","hash":"cdf196fabd2298f8449772716682759fdd55739f"}
,"C:\\Users\\Surface\\Project\\SwapShop\\SwapShop\\mocks\\firestore.js": {"path":"C:\\Users\\Surface\\Project\\SwapShop\\SwapShop\\mocks\\firestore.js","statementMap":{"0":{"start":{"line":1,"column":28},"end":{"line":1,"column":37}},"1":{"start":{"line":2,"column":18},"end":{"line":2,"column":27}},"2":{"start":{"line":3,"column":27},"end":{"line":3,"column":36}},"3":{"start":{"line":5,"column":21},"end":{"line":5,"column":30}},"4":{"start":{"line":6,"column":24},"end":{"line":6,"column":33}},"5":{"start":{"line":7,"column":23},"end":{"line":7,"column":32}},"6":{"start":{"line":8,"column":16},"end":{"line":8,"column":25}},"7":{"start":{"line":9,"column":19},"end":{"line":9,"column":28}},"8":{"start":{"line":10,"column":16},"end":{"line":10,"column":25}},"9":{"start":{"line":11,"column":16},"end":{"line":11,"column":25}},"10":{"start":{"line":12,"column":19},"end":{"line":12,"column":28}},"11":{"start":{"line":13,"column":26},"end":{"line":13,"column":35}},"12":{"start":{"line":14,"column":28},"end":{"line":14,"column":37}},"13":{"start":{"line":16,"column":24},"end":{"line":16,"column":33}},"14":{"start":{"line":17,"column":24},"end":{"line":17,"column":33}},"15":{"start":{"line":18,"column":24},"end":{"line":18,"column":33}},"16":{"start":{"line":19,"column":21},"end":{"line":19,"column":30}},"17":{"start":{"line":21,"column":23},"end":{"line":21,"column":32}},"18":{"start":{"line":23,"column":18},"end":{"line":23,"column":40}},"19":{"start":{"line":24,"column":19},"end":{"line":24,"column":42}},"20":{"start":{"line":25,"column":14},"end":{"line":25,"column":32}},"21":{"start":{"line":26,"column":20},"end":{"line":26,"column":44}},"22":{"start":{"line":27,"column":13},"end":{"line":27,"column":30}},"23":{"start":{"line":29,"column":25},"end":{"line":29,"column":62}},"24":{"start":{"line":30,"column":27},"end":{"line":30,"column":66}},"25":{"start":{"line":32,"column":18},"end":{"line":32,"column":86}},"26":{"start":{"line":32,"column":24},"end":{"line":32,"column":86}},"27":{"start":{"line":36,"column":4},"end":{"line":36,"column":65}},"28":{"start":{"line":37,"column":4},"end":{"line":37,"column":43}},"29":{"start":{"line":38,"column":4},"end":{"line":38,"column":27}},"30":{"start":{"line":42,"column":4},"end":{"line":42,"column":47}},"31":{"start":{"line":43,"column":4},"end":{"line":43,"column":30}},"32":{"start":{"line":47,"column":4},"end":{"line":47,"column":37}},"33":{"start":{"line":52,"column":4},"end":{"line":52,"column":82}},"34":{"start":{"line":52,"column":34},"end":{"line":52,"column":80}},"35":{"start":{"line":54,"column":4},"end":{"line":54,"column":97}},"36":{"start":{"line":54,"column":87},"end":{"line":54,"column":94}},"37":{"start":{"line":58,"column":4},"end":{"line":58,"column":28}},"38":{"start":{"line":59,"column":4},"end":{"line":79,"column":6}},"39":{"start":{"line":62,"column":8},"end":{"line":62,"column":38}},"40":{"start":{"line":63,"column":8},"end":{"line":63,"column":20}},"41":{"start":{"line":66,"column":8},"end":{"line":66,"column":35}},"42":{"start":{"line":67,"column":8},"end":{"line":67,"column":64}},"43":{"start":{"line":68,"column":8},"end":{"line":68,"column":20}},"44":{"start":{"line":71,"column":8},"end":{"line":71,"column":38}},"45":{"start":{"line":72,"column":8},"end":{"line":72,"column":52}},"46":{"start":{"line":73,"column":8},"end":{"line":73,"column":20}},"47":{"start":{"line":76,"column":8},"end":{"line":76,"column":38}},"48":{"start":{"line":77,"column":8},"end":{"line":77,"column":35}},"49":{"start":{"line":83,"column":4},"end":{"line":83,"column":31}},"50":{"start":{"line":84,"column":4},"end":{"line":84,"column":11}},"51":{"start":{"line":88,"column":4},"end":{"line":88,"column":34}},"52":{"start":{"line":94,"column":4},"end":{"line":94,"column":33}},"53":{"start":{"line":96,"column":4},"end":{"line":106,"column":5}},"54":{"start":{"line":97,"column":6},"end":{"line":99,"column":8}},"55":{"start":{"line":100,"column":11},"end":{"line":106,"column":5}},"56":{"start":{"line":101,"column":6},"end":{"line":105,"column":8}},"57":{"start":{"line":109,"column":22},"end":{"line":109,"column":57}},"58":{"start":{"line":111,"column":4},"end":{"line":115,"column":5}},"59":{"start":{"line":112,"column":6},"end":{"line":114,"column":8}},"60":{"start":{"line":117,"column":21},"end":{"line":117,"column":59}},"61":{"start":{"line":118,"column":4},"end":{"line":118,"column":16}},"62":{"start":{"line":122,"column":4},"end":{"line":122,"column":38}},"63":{"start":{"line":123,"column":4},"end":{"line":123,"column":61}},"64":{"start":{"line":127,"column":4},"end":{"line":127,"column":18}},"65":{"start":{"line":128,"column":4},"end":{"line":128,"column":27}},"66":{"start":{"line":135,"column":4},"end":{"line":145,"column":5}},"67":{"start":{"line":136,"column":6},"end":{"line":138,"column":8}},"68":{"start":{"line":139,"column":11},"end":{"line":145,"column":5}},"69":{"start":{"line":140,"column":6},"end":{"line":144,"column":8}},"70":{"start":{"line":148,"column":22},"end":{"line":148,"column":57}},"71":{"start":{"line":150,"column":4},"end":{"line":153,"column":5}},"72":{"start":{"line":151,"column":6},"end":{"line":152,"column":9}},"73":{"start":{"line":155,"column":20},"end":{"line":155,"column":58}},"74":{"start":{"line":156,"column":4},"end":{"line":156,"column":15}},"75":{"start":{"line":160,"column":14},"end":{"line":160,"column":18}},"76":{"start":{"line":161,"column":15},"end":{"line":161,"column":19}},"77":{"start":{"line":162,"column":4},"end":{"line":171,"column":5}},"78":{"start":{"line":162,"column":21},"end":{"line":162,"column":22}},"79":{"start":{"line":163,"column":27},"end":{"line":163,"column":49}},"80":{"start":{"line":164,"column":25},"end":{"line":164,"column":51}},"81":{"start":{"line":166,"column":6},"end":{"line":166,"column":76}},"82":{"start":{"line":167,"column":6},"end":{"line":169,"column":7}},"83":{"start":{"line":168,"column":8},"end":{"line":168,"column":14}},"84":{"start":{"line":170,"column":6},"end":{"line":170,"column":66}},"85":{"start":{"line":173,"column":4},"end":{"line":173,"column":25}},"86":{"start":{"line":177,"column":4},"end":{"line":177,"column":37}},"87":{"start":{"line":178,"column":4},"end":{"line":178,"column":59}},"88":{"start":{"line":183,"column":4},"end":{"line":185,"column":5}},"89":{"start":{"line":184,"column":6},"end":{"line":184,"column":13}},"90":{"start":{"line":188,"column":22},"end":{"line":188,"column":57}},"91":{"start":{"line":191,"column":4},"end":{"line":195,"column":5}},"92":{"start":{"line":192,"column":6},"end":{"line":194,"column":8}},"93":{"start":{"line":198,"column":18},"end":{"line":198,"column":33}},"94":{"start":{"line":200,"column":19},"end":{"line":215,"column":21}},"95":{"start":{"line":201,"column":27},"end":{"line":201,"column":42}},"96":{"start":{"line":202,"column":6},"end":{"line":214,"column":7}},"97":{"start":{"line":203,"column":8},"end":{"line":203,"column":49}},"98":{"start":{"line":205,"column":28},"end":{"line":205,"column":62}},"99":{"start":{"line":205,"column":45},"end":{"line":205,"column":61}},"100":{"start":{"line":206,"column":8},"end":{"line":209,"column":9}},"101":{"start":{"line":208,"column":10},"end":{"line":208,"column":77}},"102":{"start":{"line":211,"column":29},"end":{"line":211,"column":31}},"103":{"start":{"line":212,"column":8},"end":{"line":212,"column":47}},"104":{"start":{"line":213,"column":8},"end":{"line":213,"column":28}},"105":{"start":{"line":219,"column":21},"end":{"line":219,"column":62}},"106":{"start":{"line":219,"column":45},"end":{"line":219,"column":61}},"107":{"start":{"line":220,"column":4},"end":{"line":224,"column":6}},"108":{"start":{"line":228,"column":0},"end":{"line":228,"column":34}},"109":{"start":{"line":229,"column":0},"end":{"line":229,"column":49}},"110":{"start":{"line":230,"column":0},"end":{"line":230,"column":46}},"111":{"start":{"line":231,"column":0},"end":{"line":231,"column":52}},"112":{"start":{"line":232,"column":0},"end":{"line":232,"column":41}},"113":{"start":{"line":240,"column":0},"end":{"line":428,"column":2}},"114":{"start":{"line":242,"column":4},"end":{"line":242,"column":17}},"115":{"start":{"line":243,"column":4},"end":{"line":243,"column":25}},"116":{"start":{"line":244,"column":4},"end":{"line":244,"column":38}},"117":{"start":{"line":245,"column":4},"end":{"line":248,"column":17}},"118":{"start":{"line":252,"column":4},"end":{"line":252,"column":33}},"119":{"start":{"line":253,"column":4},"end":{"line":253,"column":71}},"120":{"start":{"line":257,"column":4},"end":{"line":257,"column":26}},"121":{"start":{"line":259,"column":21},"end":{"line":259,"column":41}},"122":{"start":{"line":260,"column":4},"end":{"line":262,"column":5}},"123":{"start":{"line":261,"column":6},"end":{"line":261,"column":33}},"124":{"start":{"line":264,"column":27},"end":{"line":264,"column":29}},"125":{"start":{"line":265,"column":4},"end":{"line":267,"column":5}},"126":{"start":{"line":266,"column":6},"end":{"line":266,"column":85}},"127":{"start":{"line":269,"column":4},"end":{"line":269,"column":43}},"128":{"start":{"line":273,"column":4},"end":{"line":273,"column":29}},"129":{"start":{"line":274,"column":4},"end":{"line":274,"column":29}},"130":{"start":{"line":278,"column":4},"end":{"line":278,"column":33}},"131":{"start":{"line":284,"column":4},"end":{"line":299,"column":5}},"132":{"start":{"line":285,"column":6},"end":{"line":290,"column":7}},"133":{"start":{"line":286,"column":8},"end":{"line":286,"column":46}},"134":{"start":{"line":289,"column":8},"end":{"line":289,"column":55}},"135":{"start":{"line":292,"column":6},"end":{"line":292,"column":28}},"136":{"start":{"line":294,"column":6},"end":{"line":298,"column":7}},"137":{"start":{"line":295,"column":8},"end":{"line":295,"column":25}},"138":{"start":{"line":297,"column":8},"end":{"line":297,"column":16}},"139":{"start":{"line":302,"column":4},"end":{"line":302,"column":20}},"140":{"start":{"line":306,"column":4},"end":{"line":306,"column":38}},"141":{"start":{"line":307,"column":17},"end":{"line":307,"column":28}},"142":{"start":{"line":308,"column":4},"end":{"line":308,"column":33}},"143":{"start":{"line":312,"column":4},"end":{"line":312,"column":29}},"144":{"start":{"line":313,"column":4},"end":{"line":315,"column":5}},"145":{"start":{"line":314,"column":6},"end":{"line":314,"column":58}},"146":{"start":{"line":316,"column":4},"end":{"line":318,"column":6}},"147":{"start":{"line":322,"column":4},"end":{"line":322,"column":26}},"148":{"start":{"line":323,"column":4},"end":{"line":323,"column":68}},"149":{"start":{"line":324,"column":4},"end":{"line":326,"column":6}},"150":{"start":{"line":330,"column":4},"end":{"line":334,"column":6}},"151":{"start":{"line":338,"column":4},"end":{"line":338,"column":44}},"152":{"start":{"line":342,"column":4},"end":{"line":342,"column":42}},"153":{"start":{"line":346,"column":4},"end":{"line":346,"column":43}},"154":{"start":{"line":350,"column":4},"end":{"line":350,"column":47}},"155":{"start":{"line":354,"column":4},"end":{"line":354,"column":44}},"156":{"start":{"line":363,"column":22},"end":{"line":363,"column":62}},"157":{"start":{"line":365,"column":4},"end":{"line":367,"column":5}},"158":{"start":{"line":366,"column":6},"end":{"line":366,"column":24}},"159":{"start":{"line":369,"column":27},"end":{"line":369,"column":69}},"160":{"start":{"line":370,"column":19},"end":{"line":370,"column":23}},"161":{"start":{"line":371,"column":4},"end":{"line":376,"column":5}},"162":{"start":{"line":372,"column":25},"end":{"line":372,"column":42}},"163":{"start":{"line":373,"column":6},"end":{"line":373,"column":75}},"164":{"start":{"line":373,"column":49},"end":{"line":373,"column":73}},"165":{"start":{"line":375,"column":6},"end":{"line":375,"column":18}},"166":{"start":{"line":378,"column":4},"end":{"line":396,"column":5}},"167":{"start":{"line":378,"column":21},"end":{"line":378,"column":22}},"168":{"start":{"line":379,"column":27},"end":{"line":379,"column":43}},"169":{"start":{"line":380,"column":25},"end":{"line":380,"column":45}},"170":{"start":{"line":382,"column":6},"end":{"line":384,"column":7}},"171":{"start":{"line":383,"column":8},"end":{"line":383,"column":20}},"172":{"start":{"line":385,"column":6},"end":{"line":385,"column":67}},"173":{"start":{"line":386,"column":6},"end":{"line":388,"column":7}},"174":{"start":{"line":387,"column":8},"end":{"line":387,"column":20}},"175":{"start":{"line":390,"column":6},"end":{"line":390,"column":75}},"176":{"start":{"line":390,"column":49},"end":{"line":390,"column":73}},"177":{"start":{"line":391,"column":6},"end":{"line":393,"column":7}},"178":{"start":{"line":392,"column":8},"end":{"line":392,"column":20}},"179":{"start":{"line":398,"column":4},"end":{"line":400,"column":5}},"180":{"start":{"line":399,"column":6},"end":{"line":399,"column":22}},"181":{"start":{"line":401,"column":4},"end":{"line":401,"column":16}},"182":{"start":{"line":405,"column":21},"end":{"line":405,"column":41}},"183":{"start":{"line":407,"column":4},"end":{"line":421,"column":5}},"184":{"start":{"line":408,"column":6},"end":{"line":408,"column":27}},"185":{"start":{"line":409,"column":6},"end":{"line":409,"column":53}},"186":{"start":{"line":410,"column":6},"end":{"line":410,"column":40}},"187":{"start":{"line":412,"column":6},"end":{"line":420,"column":8}},"188":{"start":{"line":415,"column":20},"end":{"line":415,"column":29}},"189":{"start":{"line":425,"column":4},"end":{"line":425,"column":48}},"190":{"start":{"line":426,"column":4},"end":{"line":426,"column":16}},"191":{"start":{"line":436,"column":0},"end":{"line":531,"column":2}},"192":{"start":{"line":438,"column":4},"end":{"line":438,"column":45}},"193":{"start":{"line":440,"column":4},"end":{"line":440,"column":17}},"194":{"start":{"line":441,"column":4},"end":{"line":441,"column":25}},"195":{"start":{"line":442,"column":4},"end":{"line":446,"column":5}},"196":{"start":{"line":443,"column":6},"end":{"line":443,"column":47}},"197":{"start":{"line":445,"column":6},"end":{"line":445,"column":21}},"198":{"start":{"line":450,"column":4},"end":{"line":450,"column":26}},"199":{"start":{"line":451,"column":19},"end":{"line":451,"column":73}},"200":{"start":{"line":452,"column":4},"end":{"line":452,"column":52}},"201":{"start":{"line":453,"column":4},"end":{"line":453,"column":35}},"202":{"start":{"line":457,"column":4},"end":{"line":457,"column":16}},"203":{"start":{"line":458,"column":4},"end":{"line":458,"column":73}},"204":{"start":{"line":468,"column":22},"end":{"line":468,"column":62}},"205":{"start":{"line":470,"column":27},"end":{"line":470,"column":69}},"206":{"start":{"line":471,"column":4},"end":{"line":473,"column":5}},"207":{"start":{"line":472,"column":6},"end":{"line":472,"column":36}},"208":{"start":{"line":477,"column":4},"end":{"line":495,"column":5}},"209":{"start":{"line":477,"column":21},"end":{"line":477,"column":22}},"210":{"start":{"line":478,"column":25},"end":{"line":478,"column":41}},"211":{"start":{"line":479,"column":27},"end":{"line":479,"column":47}},"212":{"start":{"line":481,"column":6},"end":{"line":483,"column":7}},"213":{"start":{"line":482,"column":8},"end":{"line":482,"column":18}},"214":{"start":{"line":484,"column":23},"end":{"line":484,"column":80}},"215":{"start":{"line":484,"column":55},"end":{"line":484,"column":79}},"216":{"start":{"line":485,"column":6},"end":{"line":487,"column":7}},"217":{"start":{"line":486,"column":8},"end":{"line":486,"column":18}},"218":{"start":{"line":489,"column":6},"end":{"line":489,"column":67}},"219":{"start":{"line":490,"column":6},"end":{"line":492,"column":7}},"220":{"start":{"line":491,"column":8},"end":{"line":491,"column":18}},"221":{"start":{"line":497,"column":4},"end":{"line":497,"column":28}},"222":{"start":{"line":501,"column":4},"end":{"line":501,"column":24}},"223":{"start":{"line":502,"column":4},"end":{"line":502,"column":85}},"224":{"start":{"line":506,"column":4},"end":{"line":506,"column":38}},"225":{"start":{"line":507,"column":4},"end":{"line":507,"column":40}},"226":{"start":{"line":512,"column":20},"end":{"line":512,"column":35}},"227":{"start":{"line":513,"column":4},"end":{"line":515,"column":7}},"228":{"start":{"line":514,"column":6},"end":{"line":514,"column":83}},"229":{"start":{"line":516,"column":31},"end":{"line":516,"column":74}},"230":{"start":{"line":517,"column":4},"end":{"line":521,"column":6}},"231":{"start":{"line":525,"column":4},"end":{"line":529,"column":6}},"232":{"start":{"line":533,"column":0},"end":{"line":557,"column":2}}},"fnMap":{"0":{"name":"(anonymous_0)","decl":{"start":{"line":32,"column":18},"end":{"line":32,"column":19}},"loc":{"start":{"line":32,"column":24},"end":{"line":32,"column":86}},"line":32},"1":{"name":"(anonymous_1)","decl":{"start":{"line":35,"column":2},"end":{"line":35,"column":3}},"loc":{"start":{"line":35,"column":50},"end":{"line":39,"column":3}},"line":35},"2":{"name":"(anonymous_2)","decl":{"start":{"line":41,"column":2},"end":{"line":41,"column":3}},"loc":{"start":{"line":41,"column":37},"end":{"line":44,"column":3}},"line":41},"3":{"name":"(anonymous_3)","decl":{"start":{"line":46,"column":2},"end":{"line":46,"column":3}},"loc":{"start":{"line":46,"column":23},"end":{"line":48,"column":3}},"line":46},"4":{"name":"(anonymous_4)","decl":{"start":{"line":50,"column":2},"end":{"line":50,"column":3}},"loc":{"start":{"line":50,"column":20},"end":{"line":55,"column":3}},"line":50},"5":{"name":"(anonymous_5)","decl":{"start":{"line":52,"column":27},"end":{"line":52,"column":28}},"loc":{"start":{"line":52,"column":34},"end":{"line":52,"column":80}},"line":52},"6":{"name":"(anonymous_6)","decl":{"start":{"line":54,"column":82},"end":{"line":54,"column":83}},"loc":{"start":{"line":54,"column":87},"end":{"line":54,"column":94}},"line":54},"7":{"name":"(anonymous_7)","decl":{"start":{"line":57,"column":2},"end":{"line":57,"column":3}},"loc":{"start":{"line":57,"column":10},"end":{"line":80,"column":3}},"line":57},"8":{"name":"(anonymous_8)","decl":{"start":{"line":61,"column":6},"end":{"line":61,"column":7}},"loc":{"start":{"line":61,"column":15},"end":{"line":64,"column":7}},"line":61},"9":{"name":"(anonymous_9)","decl":{"start":{"line":65,"column":6},"end":{"line":65,"column":7}},"loc":{"start":{"line":65,"column":38},"end":{"line":69,"column":7}},"line":65},"10":{"name":"(anonymous_10)","decl":{"start":{"line":70,"column":6},"end":{"line":70,"column":7}},"loc":{"start":{"line":70,"column":24},"end":{"line":74,"column":7}},"line":70},"11":{"name":"(anonymous_11)","decl":{"start":{"line":75,"column":6},"end":{"line":75,"column":7}},"loc":{"start":{"line":75,"column":15},"end":{"line":78,"column":7}},"line":75},"12":{"name":"(anonymous_12)","decl":{"start":{"line":82,"column":2},"end":{"line":82,"column":3}},"loc":{"start":{"line":82,"column":13},"end":{"line":85,"column":3}},"line":82},"13":{"name":"(anonymous_13)","decl":{"start":{"line":87,"column":2},"end":{"line":87,"column":3}},"loc":{"start":{"line":87,"column":16},"end":{"line":89,"column":3}},"line":87},"14":{"name":"(anonymous_14)","decl":{"start":{"line":91,"column":2},"end":{"line":91,"column":3}},"loc":{"start":{"line":91,"column":19},"end":{"line":119,"column":3}},"line":91},"15":{"name":"(anonymous_15)","decl":{"start":{"line":121,"column":2},"end":{"line":121,"column":3}},"loc":{"start":{"line":121,"column":32},"end":{"line":124,"column":3}},"line":121},"16":{"name":"(anonymous_16)","decl":{"start":{"line":126,"column":2},"end":{"line":126,"column":3}},"loc":{"start":{"line":126,"column":12},"end":{"line":129,"column":3}},"line":126},"17":{"name":"(anonymous_17)","decl":{"start":{"line":131,"column":2},"end":{"line":131,"column":3}},"loc":{"start":{"line":131,"column":13},"end":{"line":157,"column":3}},"line":131},"18":{"name":"(anonymous_18)","decl":{"start":{"line":159,"column":2},"end":{"line":159,"column":3}},"loc":{"start":{"line":159,"column":36},"end":{"line":174,"column":3}},"line":159},"19":{"name":"(anonymous_19)","decl":{"start":{"line":176,"column":2},"end":{"line":176,"column":3}},"loc":{"start":{"line":176,"column":33},"end":{"line":179,"column":3}},"line":176},"20":{"name":"(anonymous_20)","decl":{"start":{"line":181,"column":2},"end":{"line":181,"column":3}},"loc":{"start":{"line":181,"column":35},"end":{"line":225,"column":3}},"line":181},"21":{"name":"(anonymous_21)","decl":{"start":{"line":200,"column":36},"end":{"line":200,"column":37}},"loc":{"start":{"line":200,"column":60},"end":{"line":215,"column":5}},"line":200},"22":{"name":"(anonymous_22)","decl":{"start":{"line":205,"column":38},"end":{"line":205,"column":39}},"loc":{"start":{"line":205,"column":45},"end":{"line":205,"column":61}},"line":205},"23":{"name":"(anonymous_23)","decl":{"start":{"line":219,"column":38},"end":{"line":219,"column":39}},"loc":{"start":{"line":219,"column":45},"end":{"line":219,"column":61}},"line":219},"24":{"name":"(anonymous_24)","decl":{"start":{"line":241,"column":2},"end":{"line":241,"column":3}},"loc":{"start":{"line":241,"column":26},"end":{"line":249,"column":3}},"line":241},"25":{"name":"(anonymous_25)","decl":{"start":{"line":251,"column":2},"end":{"line":251,"column":3}},"loc":{"start":{"line":251,"column":29},"end":{"line":254,"column":3}},"line":251},"26":{"name":"(anonymous_26)","decl":{"start":{"line":256,"column":2},"end":{"line":256,"column":3}},"loc":{"start":{"line":256,"column":20},"end":{"line":270,"column":3}},"line":256},"27":{"name":"(anonymous_27)","decl":{"start":{"line":272,"column":2},"end":{"line":272,"column":3}},"loc":{"start":{"line":272,"column":11},"end":{"line":275,"column":3}},"line":272},"28":{"name":"(anonymous_28)","decl":{"start":{"line":277,"column":2},"end":{"line":277,"column":3}},"loc":{"start":{"line":277,"column":15},"end":{"line":303,"column":3}},"line":277},"29":{"name":"(anonymous_29)","decl":{"start":{"line":302,"column":11},"end":{"line":302,"column":12}},"loc":{"start":{"line":302,"column":17},"end":{"line":302,"column":19}},"line":302},"30":{"name":"(anonymous_30)","decl":{"start":{"line":305,"column":2},"end":{"line":305,"column":3}},"loc":{"start":{"line":305,"column":8},"end":{"line":309,"column":3}},"line":305},"31":{"name":"(anonymous_31)","decl":{"start":{"line":311,"column":2},"end":{"line":311,"column":3}},"loc":{"start":{"line":311,"column":17},"end":{"line":319,"column":3}},"line":311},"32":{"name":"(anonymous_32)","decl":{"start":{"line":321,"column":2},"end":{"line":321,"column":3}},"loc":{"start":{"line":321,"column":31},"end":{"line":327,"column":3}},"line":321},"33":{"name":"(anonymous_33)","decl":{"start":{"line":329,"column":2},"end":{"line":329,"column":3}},"loc":{"start":{"line":329,"column":17},"end":{"line":335,"column":3}},"line":329},"34":{"name":"(anonymous_34)","decl":{"start":{"line":337,"column":2},"end":{"line":337,"column":3}},"loc":{"start":{"line":337,"column":12},"end":{"line":339,"column":3}},"line":337},"35":{"name":"(anonymous_35)","decl":{"start":{"line":341,"column":2},"end":{"line":341,"column":3}},"loc":{"start":{"line":341,"column":10},"end":{"line":343,"column":3}},"line":341},"36":{"name":"(anonymous_36)","decl":{"start":{"line":345,"column":2},"end":{"line":345,"column":3}},"loc":{"start":{"line":345,"column":11},"end":{"line":347,"column":3}},"line":345},"37":{"name":"(anonymous_37)","decl":{"start":{"line":349,"column":2},"end":{"line":349,"column":3}},"loc":{"start":{"line":349,"column":15},"end":{"line":351,"column":3}},"line":349},"38":{"name":"(anonymous_38)","decl":{"start":{"line":353,"column":2},"end":{"line":353,"column":3}},"loc":{"start":{"line":353,"column":12},"end":{"line":355,"column":3}},"line":353},"39":{"name":"(anonymous_39)","decl":{"start":{"line":361,"column":2},"end":{"line":361,"column":3}},"loc":{"start":{"line":361,"column":18},"end":{"line":402,"column":3}},"line":361},"40":{"name":"(anonymous_40)","decl":{"start":{"line":373,"column":39},"end":{"line":373,"column":40}},"loc":{"start":{"line":373,"column":49},"end":{"line":373,"column":73}},"line":373},"41":{"name":"(anonymous_41)","decl":{"start":{"line":390,"column":39},"end":{"line":390,"column":40}},"loc":{"start":{"line":390,"column":49},"end":{"line":390,"column":73}},"line":390},"42":{"name":"(anonymous_42)","decl":{"start":{"line":404,"column":2},"end":{"line":404,"column":3}},"loc":{"start":{"line":404,"column":9},"end":{"line":422,"column":3}},"line":404},"43":{"name":"(anonymous_43)","decl":{"start":{"line":415,"column":14},"end":{"line":415,"column":15}},"loc":{"start":{"line":415,"column":20},"end":{"line":415,"column":29}},"line":415},"44":{"name":"(anonymous_44)","decl":{"start":{"line":424,"column":2},"end":{"line":424,"column":3}},"loc":{"start":{"line":424,"column":18},"end":{"line":427,"column":3}},"line":424},"45":{"name":"(anonymous_45)","decl":{"start":{"line":437,"column":2},"end":{"line":437,"column":3}},"loc":{"start":{"line":437,"column":37},"end":{"line":447,"column":3}},"line":437},"46":{"name":"(anonymous_46)","decl":{"start":{"line":449,"column":2},"end":{"line":449,"column":3}},"loc":{"start":{"line":449,"column":14},"end":{"line":454,"column":3}},"line":449},"47":{"name":"(anonymous_47)","decl":{"start":{"line":456,"column":2},"end":{"line":456,"column":3}},"loc":{"start":{"line":456,"column":24},"end":{"line":459,"column":3}},"line":456},"48":{"name":"(anonymous_48)","decl":{"start":{"line":466,"column":2},"end":{"line":466,"column":3}},"loc":{"start":{"line":466,"column":13},"end":{"line":498,"column":3}},"line":466},"49":{"name":"(anonymous_49)","decl":{"start":{"line":484,"column":45},"end":{"line":484,"column":46}},"loc":{"start":{"line":484,"column":55},"end":{"line":484,"column":79}},"line":484},"50":{"name":"(anonymous_50)","decl":{"start":{"line":500,"column":2},"end":{"line":500,"column":3}},"loc":{"start":{"line":500,"column":18},"end":{"line":503,"column":3}},"line":500},"51":{"name":"(anonymous_51)","decl":{"start":{"line":505,"column":2},"end":{"line":505,"column":3}},"loc":{"start":{"line":505,"column":8},"end":{"line":508,"column":3}},"line":505},"52":{"name":"(anonymous_52)","decl":{"start":{"line":510,"column":2},"end":{"line":510,"column":3}},"loc":{"start":{"line":510,"column":9},"end":{"line":522,"column":3}},"line":510},"53":{"name":"(anonymous_53)","decl":{"start":{"line":513,"column":20},"end":{"line":513,"column":21}},"loc":{"start":{"line":513,"column":27},"end":{"line":515,"column":5}},"line":513},"54":{"name":"(anonymous_54)","decl":{"start":{"line":524,"column":2},"end":{"line":524,"column":3}},"loc":{"start":{"line":524,"column":17},"end":{"line":530,"column":3}},"line":524}},"branchMap":{"0":{"loc":{"start":{"line":35,"column":14},"end":{"line":35,"column":34}},"type":"default-arg","locations":[{"start":{"line":35,"column":32},"end":{"line":35,"column":34}}],"line":35},"1":{"loc":{"start":{"line":35,"column":36},"end":{"line":35,"column":48}},"type":"default-arg","locations":[{"start":{"line":35,"column":46},"end":{"line":35,"column":48}}],"line":35},"2":{"loc":{"start":{"line":54,"column":23},"end":{"line":54,"column":95}},"type":"binary-expr","locations":[{"start":{"line":54,"column":23},"end":{"line":54,"column":62}},{"start":{"line":54,"column":66},"end":{"line":54,"column":95}}],"line":54},"3":{"loc":{"start":{"line":65,"column":21},"end":{"line":65,"column":36}},"type":"default-arg","locations":[{"start":{"line":65,"column":34},"end":{"line":65,"column":36}}],"line":65},"4":{"loc":{"start":{"line":96,"column":4},"end":{"line":106,"column":5}},"type":"if","locations":[{"start":{"line":96,"column":4},"end":{"line":106,"column":5}},{"start":{"line":100,"column":11},"end":{"line":106,"column":5}}],"line":96},"5":{"loc":{"start":{"line":100,"column":11},"end":{"line":106,"column":5}},"type":"if","locations":[{"start":{"line":100,"column":11},"end":{"line":106,"column":5}},{"start":{},"end":{}}],"line":100},"6":{"loc":{"start":{"line":100,"column":15},"end":{"line":100,"column":48}},"type":"binary-expr","locations":[{"start":{"line":100,"column":15},"end":{"line":100,"column":20}},{"start":{"line":100,"column":24},"end":{"line":100,"column":48}}],"line":100},"7":{"loc":{"start":{"line":111,"column":4},"end":{"line":115,"column":5}},"type":"if","locations":[{"start":{"line":111,"column":4},"end":{"line":115,"column":5}},{"start":{},"end":{}}],"line":111},"8":{"loc":{"start":{"line":135,"column":4},"end":{"line":145,"column":5}},"type":"if","locations":[{"start":{"line":135,"column":4},"end":{"line":145,"column":5}},{"start":{"line":139,"column":11},"end":{"line":145,"column":5}}],"line":135},"9":{"loc":{"start":{"line":139,"column":11},"end":{"line":145,"column":5}},"type":"if","locations":[{"start":{"line":139,"column":11},"end":{"line":145,"column":5}},{"start":{},"end":{}}],"line":139},"10":{"loc":{"start":{"line":139,"column":15},"end":{"line":139,"column":48}},"type":"binary-expr","locations":[{"start":{"line":139,"column":15},"end":{"line":139,"column":20}},{"start":{"line":139,"column":24},"end":{"line":139,"column":48}}],"line":139},"11":{"loc":{"start":{"line":150,"column":4},"end":{"line":153,"column":5}},"type":"if","locations":[{"start":{"line":150,"column":4},"end":{"line":153,"column":5}},{"start":{},"end":{}}],"line":150},"12":{"loc":{"start":{"line":163,"column":27},"end":{"line":163,"column":49}},"type":"binary-expr","locations":[{"start":{"line":163,"column":27},"end":{"line":163,"column":43}},{"start":{"line":163,"column":47},"end":{"line":163,"column":49}}],"line":163},"13":{"loc":{"start":{"line":164,"column":25},"end":{"line":164,"column":51}},"type":"binary-expr","locations":[{"start":{"line":164,"column":25},"end":{"line":164,"column":45}},{"start":{"line":164,"column":49},"end":{"line":164,"column":51}}],"line":164},"14":{"loc":{"start":{"line":167,"column":6},"end":{"line":169,"column":7}},"type":"if","locations":[{"start":{"line":167,"column":6},"end":{"line":169,"column":7}},{"start":{},"end":{}}],"line":167},"15":{"loc":{"start":{"line":183,"column":4},"end":{"line":185,"column":5}},"type":"if","locations":[{"start":{"line":183,"column":4},"end":{"line":185,"column":5}},{"start":{},"end":{}}],"line":183},"16":{"loc":{"start":{"line":191,"column":4},"end":{"line":195,"column":5}},"type":"if","locations":[{"start":{"line":191,"column":4},"end":{"line":195,"column":5}},{"start":{},"end":{}}],"line":191},"17":{"loc":{"start":{"line":202,"column":6},"end":{"line":214,"column":7}},"type":"if","locations":[{"start":{"line":202,"column":6},"end":{"line":214,"column":7}},{"start":{"line":204,"column":13},"end":{"line":214,"column":7}}],"line":202},"18":{"loc":{"start":{"line":203,"column":15},"end":{"line":203,"column":48}},"type":"binary-expr","locations":[{"start":{"line":203,"column":15},"end":{"line":203,"column":26}},{"start":{"line":203,"column":31},"end":{"line":203,"column":47}}],"line":203},"19":{"loc":{"start":{"line":206,"column":8},"end":{"line":209,"column":9}},"type":"if","locations":[{"start":{"line":206,"column":8},"end":{"line":209,"column":9}},{"start":{},"end":{}}],"line":206},"20":{"loc":{"start":{"line":208,"column":17},"end":{"line":208,"column":76}},"type":"binary-expr","locations":[{"start":{"line":208,"column":17},"end":{"line":208,"column":41}},{"start":{"line":208,"column":46},"end":{"line":208,"column":75}}],"line":208},"21":{"loc":{"start":{"line":220,"column":11},"end":{"line":220,"column":51}},"type":"cond-expr","locations":[{"start":{"line":220,"column":27},"end":{"line":220,"column":35}},{"start":{"line":220,"column":38},"end":{"line":220,"column":51}}],"line":220},"22":{"loc":{"start":{"line":221,"column":10},"end":{"line":221,"column":46}},"type":"cond-expr","locations":[{"start":{"line":221,"column":18},"end":{"line":221,"column":34}},{"start":{"line":221,"column":37},"end":{"line":221,"column":46}}],"line":221},"23":{"loc":{"start":{"line":260,"column":4},"end":{"line":262,"column":5}},"type":"if","locations":[{"start":{"line":260,"column":4},"end":{"line":262,"column":5}},{"start":{},"end":{}}],"line":260},"24":{"loc":{"start":{"line":285,"column":6},"end":{"line":290,"column":7}},"type":"if","locations":[{"start":{"line":285,"column":6},"end":{"line":290,"column":7}},{"start":{"line":287,"column":13},"end":{"line":290,"column":7}}],"line":285},"25":{"loc":{"start":{"line":294,"column":6},"end":{"line":298,"column":7}},"type":"if","locations":[{"start":{"line":294,"column":6},"end":{"line":298,"column":7}},{"start":{"line":296,"column":13},"end":{"line":298,"column":7}}],"line":294},"26":{"loc":{"start":{"line":313,"column":4},"end":{"line":315,"column":5}},"type":"if","locations":[{"start":{"line":313,"column":4},"end":{"line":315,"column":5}},{"start":{},"end":{}}],"line":313},"27":{"loc":{"start":{"line":321,"column":14},"end":{"line":321,"column":29}},"type":"default-arg","locations":[{"start":{"line":321,"column":27},"end":{"line":321,"column":29}}],"line":321},"28":{"loc":{"start":{"line":331,"column":6},"end":{"line":333,"column":30}},"type":"binary-expr","locations":[{"start":{"line":331,"column":6},"end":{"line":331,"column":54}},{"start":{"line":332,"column":6},"end":{"line":332,"column":40}},{"start":{"line":333,"column":6},"end":{"line":333,"column":30}}],"line":331},"29":{"loc":{"start":{"line":365,"column":4},"end":{"line":367,"column":5}},"type":"if","locations":[{"start":{"line":365,"column":4},"end":{"line":367,"column":5}},{"start":{},"end":{}}],"line":365},"30":{"loc":{"start":{"line":371,"column":4},"end":{"line":376,"column":5}},"type":"if","locations":[{"start":{"line":371,"column":4},"end":{"line":376,"column":5}},{"start":{"line":374,"column":11},"end":{"line":376,"column":5}}],"line":371},"31":{"loc":{"start":{"line":382,"column":6},"end":{"line":384,"column":7}},"type":"if","locations":[{"start":{"line":382,"column":6},"end":{"line":384,"column":7}},{"start":{},"end":{}}],"line":382},"32":{"loc":{"start":{"line":382,"column":10},"end":{"line":382,"column":45}},"type":"binary-expr","locations":[{"start":{"line":382,"column":10},"end":{"line":382,"column":19}},{"start":{"line":382,"column":23},"end":{"line":382,"column":45}}],"line":382},"33":{"loc":{"start":{"line":385,"column":25},"end":{"line":385,"column":66}},"type":"binary-expr","locations":[{"start":{"line":385,"column":25},"end":{"line":385,"column":60}},{"start":{"line":385,"column":64},"end":{"line":385,"column":66}}],"line":385},"34":{"loc":{"start":{"line":386,"column":6},"end":{"line":388,"column":7}},"type":"if","locations":[{"start":{"line":386,"column":6},"end":{"line":388,"column":7}},{"start":{},"end":{}}],"line":386},"35":{"loc":{"start":{"line":391,"column":6},"end":{"line":393,"column":7}},"type":"if","locations":[{"start":{"line":391,"column":6},"end":{"line":393,"column":7}},{"start":{},"end":{}}],"line":391},"36":{"loc":{"start":{"line":398,"column":4},"end":{"line":400,"column":5}},"type":"if","locations":[{"start":{"line":398,"column":4},"end":{"line":400,"column":5}},{"start":{},"end":{}}],"line":398},"37":{"loc":{"start":{"line":398,"column":8},"end":{"line":398,"column":27}},"type":"binary-expr","locations":[{"start":{"line":398,"column":8},"end":{"line":398,"column":18}},{"start":{"line":398,"column":22},"end":{"line":398,"column":27}}],"line":398},"38":{"loc":{"start":{"line":407,"column":4},"end":{"line":421,"column":5}},"type":"if","locations":[{"start":{"line":407,"column":4},"end":{"line":421,"column":5}},{"start":{"line":411,"column":11},"end":{"line":421,"column":5}}],"line":407},"39":{"loc":{"start":{"line":438,"column":14},"end":{"line":438,"column":43}},"type":"binary-expr","locations":[{"start":{"line":438,"column":14},"end":{"line":438,"column":23}},{"start":{"line":438,"column":27},"end":{"line":438,"column":43}}],"line":438},"40":{"loc":{"start":{"line":442,"column":4},"end":{"line":446,"column":5}},"type":"if","locations":[{"start":{"line":442,"column":4},"end":{"line":446,"column":5}},{"start":{"line":444,"column":11},"end":{"line":446,"column":5}}],"line":442},"41":{"loc":{"start":{"line":456,"column":6},"end":{"line":456,"column":22}},"type":"default-arg","locations":[{"start":{"line":456,"column":11},"end":{"line":456,"column":22}}],"line":456},"42":{"loc":{"start":{"line":471,"column":4},"end":{"line":473,"column":5}},"type":"if","locations":[{"start":{"line":471,"column":4},"end":{"line":473,"column":5}},{"start":{},"end":{}}],"line":471},"43":{"loc":{"start":{"line":472,"column":13},"end":{"line":472,"column":35}},"type":"binary-expr","locations":[{"start":{"line":472,"column":13},"end":{"line":472,"column":29}},{"start":{"line":472,"column":33},"end":{"line":472,"column":35}}],"line":472},"44":{"loc":{"start":{"line":481,"column":6},"end":{"line":483,"column":7}},"type":"if","locations":[{"start":{"line":481,"column":6},"end":{"line":483,"column":7}},{"start":{},"end":{}}],"line":481},"45":{"loc":{"start":{"line":485,"column":6},"end":{"line":487,"column":7}},"type":"if","locations":[{"start":{"line":485,"column":6},"end":{"line":487,"column":7}},{"start":{},"end":{}}],"line":485},"46":{"loc":{"start":{"line":485,"column":10},"end":{"line":485,"column":45}},"type":"binary-expr","locations":[{"start":{"line":485,"column":10},"end":{"line":485,"column":19}},{"start":{"line":485,"column":23},"end":{"line":485,"column":45}}],"line":485},"47":{"loc":{"start":{"line":489,"column":25},"end":{"line":489,"column":66}},"type":"binary-expr","locations":[{"start":{"line":489,"column":25},"end":{"line":489,"column":60}},{"start":{"line":489,"column":64},"end":{"line":489,"column":66}}],"line":489},"48":{"loc":{"start":{"line":490,"column":6},"end":{"line":492,"column":7}},"type":"if","locations":[{"start":{"line":490,"column":6},"end":{"line":492,"column":7}},{"start":{},"end":{}}],"line":490},"49":{"loc":{"start":{"line":519,"column":6},"end":{"line":519,"column":51}},"type":"cond-expr","locations":[{"start":{"line":519,"column":27},"end":{"line":519,"column":39}},{"start":{"line":519,"column":42},"end":{"line":519,"column":51}}],"line":519},"50":{"loc":{"start":{"line":526,"column":6},"end":{"line":528,"column":30}},"type":"binary-expr","locations":[{"start":{"line":526,"column":6},"end":{"line":526,"column":56}},{"start":{"line":527,"column":6},"end":{"line":527,"column":40}},{"start":{"line":528,"column":6},"end":{"line":528,"column":30}}],"line":526}},"s":{"0":1,"1":1,"2":1,"3":1,"4":1,"5":1,"6":1,"7":1,"8":1,"9":1,"10":1,"11":1,"12":1,"13":1,"14":1,"15":1,"16":1,"17":1,"18":1,"19":1,"20":1,"21":1,"22":1,"23":1,"24":1,"25":1,"26":0,"27":0,"28":0,"29":0,"30":0,"31":0,"32":0,"33":0,"34":0,"35":0,"36":0,"37":0,"38":0,"39":0,"40":0,"41":0,"42":0,"43":0,"44":0,"45":0,"46":0,"47":0,"48":0,"49":0,"50":0,"51":0,"52":0,"53":0,"54":0,"55":0,"56":0,"57":0,"58":0,"59":0,"60":0,"61":0,"62":0,"63":0,"64":0,"65":0,"66":0,"67":0,"68":0,"69":0,"70":0,"71":0,"72":0,"73":0,"74":0,"75":0,"76":0,"77":0,"78":0,"79":0,"80":0,"81":0,"82":0,"83":0,"84":0,"85":0,"86":0,"87":0,"88":0,"89":0,"90":0,"91":0,"92":0,"93":0,"94":0,"95":0,"96":0,"97":0,"98":0,"99":0,"100":0,"101":0,"102":0,"103":0,"104":0,"105":0,"106":0,"107":0,"108":1,"109":1,"110":1,"111":1,"112":1,"113":1,"114":0,"115":0,"116":0,"117":0,"118":0,"119":0,"120":0,"121":0,"122":0,"123":0,"124":0,"125":0,"126":0,"127":0,"128":0,"129":0,"130":0,"131":0,"132":0,"133":0,"134":0,"135":0,"136":0,"137":0,"138":0,"139":0,"140":0,"141":0,"142":0,"143":0,"144":0,"145":0,"146":0,"147":0,"148":0,"149":0,"150":0,"151":0,"152":0,"153":0,"154":0,"155":0,"156":0,"157":0,"158":0,"159":0,"160":0,"161":0,"162":0,"163":0,"164":0,"165":0,"166":0,"167":0,"168":0,"169":0,"170":0,"171":0,"172":0,"173":0,"174":0,"175":0,"176":0,"177":0,"178":0,"179":0,"180":0,"181":0,"182":0,"183":0,"184":0,"185":0,"186":0,"187":0,"188":0,"189":0,"190":0,"191":1,"192":0,"193":0,"194":0,"195":0,"196":0,"197":0,"198":0,"199":0,"200":0,"201":0,"202":0,"203":0,"204":0,"205":0,"206":0,"207":0,"208":0,"209":0,"210":0,"211":0,"212":0,"213":0,"214":0,"215":0,"216":0,"217":0,"218":0,"219":0,"220":0,"221":0,"222":0,"223":0,"224":0,"225":0,"226":0,"227":0,"228":0,"229":0,"230":0,"231":0,"232":1},"f":{"0":0,"1":0,"2":0,"3":0,"4":0,"5":0,"6":0,"7":0,"8":0,"9":0,"10":0,"11":0,"12":0,"13":0,"14":0,"15":0,"16":0,"17":0,"18":0,"19":0,"20":0,"21":0,"22":0,"23":0,"24":0,"25":0,"26":0,"27":0,"28":0,"29":0,"30":0,"31":0,"32":0,"33":0,"34":0,"35":0,"36":0,"37":0,"38":0,"39":0,"40":0,"41":0,"42":0,"43":0,"44":0,"45":0,"46":0,"47":0,"48":0,"49":0,"50":0,"51":0,"52":0,"53":0,"54":0},"b":{"0":[0],"1":[0],"2":[0,0],"3":[0],"4":[0,0],"5":[0,0],"6":[0,0],"7":[0,0],"8":[0,0],"9":[0,0],"10":[0,0],"11":[0,0],"12":[0,0],"13":[0,0],"14":[0,0],"15":[0,0],"16":[0,0],"17":[0,0],"18":[0,0],"19":[0,0],"20":[0,0],"21":[0,0],"22":[0,0],"23":[0,0],"24":[0,0],"25":[0,0],"26":[0,0],"27":[0],"28":[0,0,0],"29":[0,0],"30":[0,0],"31":[0,0],"32":[0,0],"33":[0,0],"34":[0,0],"35":[0,0],"36":[0,0],"37":[0,0],"38":[0,0],"39":[0,0],"40":[0,0],"41":[0],"42":[0,0],"43":[0,0],"44":[0,0],"45":[0,0],"46":[0,0],"47":[0,0],"48":[0,0],"49":[0,0],"50":[0,0,0]},"_coverageSchema":"1a1c01bbd47fc00a2c39e90264f33305004495a9","hash":"a7dd792a5a55718eba9d0c8be935270df414b6fd"}
,"C:\\Users\\Surface\\Project\\SwapShop\\SwapShop\\mocks\\path.js": {"path":"C:\\Users\\Surface\\Project\\SwapShop\\SwapShop\\mocks\\path.js","statementMap":{"0":{"start":{"line":3,"column":6},"end":{"line":3,"column":31}},"1":{"start":{"line":6,"column":18},"end":{"line":6,"column":71}},"2":{"start":{"line":7,"column":6},"end":{"line":14,"column":7}},"3":{"start":{"line":7,"column":19},"end":{"line":7,"column":20}},"4":{"start":{"line":8,"column":8},"end":{"line":10,"column":9}},"5":{"start":{"line":9,"column":10},"end":{"line":9,"column":20}},"6":{"start":{"line":11,"column":8},"end":{"line":13,"column":9}},"7":{"start":{"line":12,"column":10},"end":{"line":12,"column":19}},"8":{"start":{"line":15,"column":6},"end":{"line":17,"column":7}},"9":{"start":{"line":16,"column":8},"end":{"line":16,"column":18}},"10":{"start":{"line":18,"column":6},"end":{"line":20,"column":7}},"11":{"start":{"line":19,"column":8},"end":{"line":19,"column":17}},"12":{"start":{"line":21,"column":6},"end":{"line":21,"column":15}},"13":{"start":{"line":24,"column":6},"end":{"line":24,"column":59}},"14":{"start":{"line":30,"column":6},"end":{"line":30,"column":22}},"15":{"start":{"line":33,"column":6},"end":{"line":33,"column":36}},"16":{"start":{"line":36,"column":6},"end":{"line":36,"column":34}},"17":{"start":{"line":39,"column":2},"end":{"line":39,"column":53}},"18":{"start":{"line":41,"column":2},"end":{"line":41,"column":32}},"19":{"start":{"line":42,"column":2},"end":{"line":42,"column":22}}},"fnMap":{"0":{"name":"(anonymous_0)","decl":{"start":{"line":2,"column":4},"end":{"line":2,"column":5}},"loc":{"start":{"line":2,"column":26},"end":{"line":4,"column":5}},"line":2},"1":{"name":"(anonymous_1)","decl":{"start":{"line":5,"column":4},"end":{"line":5,"column":5}},"loc":{"start":{"line":5,"column":21},"end":{"line":22,"column":5}},"line":5},"2":{"name":"(anonymous_2)","decl":{"start":{"line":23,"column":4},"end":{"line":23,"column":5}},"loc":{"start":{"line":23,"column":19},"end":{"line":25,"column":5}},"line":23},"3":{"name":"(anonymous_3)","decl":{"start":{"line":29,"column":4},"end":{"line":29,"column":5}},"loc":{"start":{"line":29,"column":29},"end":{"line":31,"column":5}},"line":29},"4":{"name":"(anonymous_4)","decl":{"start":{"line":32,"column":4},"end":{"line":32,"column":5}},"loc":{"start":{"line":32,"column":24},"end":{"line":34,"column":5}},"line":32},"5":{"name":"(anonymous_5)","decl":{"start":{"line":35,"column":4},"end":{"line":35,"column":5}},"loc":{"start":{"line":35,"column":19},"end":{"line":37,"column":5}},"line":35}},"branchMap":{"0":{"loc":{"start":{"line":8,"column":8},"end":{"line":10,"column":9}},"type":"if","locations":[{"start":{"line":8,"column":8},"end":{"line":10,"column":9}},{"start":{},"end":{}}],"line":8},"1":{"loc":{"start":{"line":11,"column":8},"end":{"line":13,"column":9}},"type":"if","locations":[{"start":{"line":11,"column":8},"end":{"line":13,"column":9}},{"start":{},"end":{}}],"line":11},"2":{"loc":{"start":{"line":15,"column":6},"end":{"line":17,"column":7}},"type":"if","locations":[{"start":{"line":15,"column":6},"end":{"line":17,"column":7}},{"start":{},"end":{}}],"line":15},"3":{"loc":{"start":{"line":18,"column":6},"end":{"line":20,"column":7}},"type":"if","locations":[{"start":{"line":18,"column":6},"end":{"line":20,"column":7}},{"start":{},"end":{}}],"line":18},"4":{"loc":{"start":{"line":24,"column":13},"end":{"line":24,"column":58}},"type":"binary-expr","locations":[{"start":{"line":24,"column":13},"end":{"line":24,"column":27}},{"start":{"line":24,"column":31},"end":{"line":24,"column":58}}],"line":24}},"s":{"0":1,"1":0,"2":0,"3":0,"4":0,"5":0,"6":0,"7":0,"8":0,"9":0,"10":0,"11":0,"12":0,"13":0,"14":1,"15":0,"16":0,"17":1,"18":1,"19":1},"f":{"0":1,"1":0,"2":0,"3":1,"4":0,"5":0},"b":{"0":[0,0],"1":[0,0],"2":[0,0],"3":[0,0],"4":[0,0]},"_coverageSchema":"1a1c01bbd47fc00a2c39e90264f33305004495a9","hash":"78eb5b45d4e2f6b64da7ea07c1cf74c55b462e16"}
,"C:\\Users\\Surface\\Project\\SwapShop\\SwapShop\\mocks\\query.js": {"path":"C:\\Users\\Surface\\Project\\SwapShop\\SwapShop\\mocks\\query.js","statementMap":{"0":{"start":{"line":1,"column":27},"end":{"line":1,"column":66}},"1":{"start":{"line":3,"column":16},"end":{"line":3,"column":25}},"2":{"start":{"line":4,"column":19},"end":{"line":4,"column":28}},"3":{"start":{"line":5,"column":18},"end":{"line":5,"column":27}},"4":{"start":{"line":6,"column":18},"end":{"line":6,"column":27}},"5":{"start":{"line":7,"column":20},"end":{"line":7,"column":29}},"6":{"start":{"line":8,"column":19},"end":{"line":8,"column":28}},"7":{"start":{"line":9,"column":23},"end":{"line":9,"column":32}},"8":{"start":{"line":10,"column":20},"end":{"line":10,"column":29}},"9":{"start":{"line":11,"column":28},"end":{"line":11,"column":37}},"10":{"start":{"line":12,"column":26},"end":{"line":12,"column":35}},"11":{"start":{"line":16,"column":4},"end":{"line":16,"column":41}},"12":{"start":{"line":17,"column":4},"end":{"line":17,"column":31}},"13":{"start":{"line":18,"column":4},"end":{"line":18,"column":22}},"14":{"start":{"line":19,"column":4},"end":{"line":19,"column":34}},"15":{"start":{"line":20,"column":4},"end":{"line":20,"column":37}},"16":{"start":{"line":24,"column":4},"end":{"line":24,"column":26}},"17":{"start":{"line":25,"column":4},"end":{"line":25,"column":40}},"18":{"start":{"line":32,"column":29},"end":{"line":32,"column":31}},"19":{"start":{"line":34,"column":18},"end":{"line":39,"column":5}},"20":{"start":{"line":41,"column":4},"end":{"line":74,"column":5}},"21":{"start":{"line":43,"column":42},"end":{"line":43,"column":55}},"22":{"start":{"line":45,"column":6},"end":{"line":73,"column":9}},"23":{"start":{"line":46,"column":23},"end":{"line":46,"column":57}},"24":{"start":{"line":48,"column":30},"end":{"line":48,"column":58}},"25":{"start":{"line":49,"column":34},"end":{"line":49,"column":65}},"26":{"start":{"line":52,"column":8},"end":{"line":62,"column":9}},"27":{"start":{"line":53,"column":28},"end":{"line":60,"column":12}},"28":{"start":{"line":55,"column":25},"end":{"line":55,"column":53}},"29":{"start":{"line":56,"column":12},"end":{"line":59,"column":14}},"30":{"start":{"line":61,"column":10},"end":{"line":61,"column":46}},"31":{"start":{"line":65,"column":8},"end":{"line":72,"column":11}},"32":{"start":{"line":66,"column":10},"end":{"line":71,"column":11}},"33":{"start":{"line":67,"column":12},"end":{"line":70,"column":15}},"34":{"start":{"line":77,"column":31},"end":{"line":77,"column":74}},"35":{"start":{"line":78,"column":4},"end":{"line":82,"column":6}},"36":{"start":{"line":86,"column":4},"end":{"line":86,"column":35}},"37":{"start":{"line":87,"column":4},"end":{"line":87,"column":45}},"38":{"start":{"line":91,"column":19},"end":{"line":91,"column":42}},"39":{"start":{"line":92,"column":4},"end":{"line":94,"column":5}},"40":{"start":{"line":93,"column":6},"end":{"line":93,"column":20}},"41":{"start":{"line":97,"column":4},"end":{"line":101,"column":5}},"42":{"start":{"line":98,"column":6},"end":{"line":100,"column":8}},"43":{"start":{"line":102,"column":4},"end":{"line":102,"column":44}},"44":{"start":{"line":103,"column":4},"end":{"line":103,"column":26}},"45":{"start":{"line":107,"column":4},"end":{"line":107,"column":44}},"46":{"start":{"line":111,"column":4},"end":{"line":111,"column":43}},"47":{"start":{"line":115,"column":4},"end":{"line":115,"column":45}},"48":{"start":{"line":119,"column":4},"end":{"line":119,"column":48}},"49":{"start":{"line":123,"column":4},"end":{"line":123,"column":45}},"50":{"start":{"line":127,"column":4},"end":{"line":127,"column":51}},"51":{"start":{"line":131,"column":4},"end":{"line":131,"column":38}},"52":{"start":{"line":132,"column":38},"end":{"line":132,"column":47}},"53":{"start":{"line":133,"column":4},"end":{"line":141,"column":5}},"54":{"start":{"line":134,"column":6},"end":{"line":134,"column":28}},"55":{"start":{"line":136,"column":6},"end":{"line":140,"column":7}},"56":{"start":{"line":137,"column":8},"end":{"line":137,"column":25}},"57":{"start":{"line":139,"column":8},"end":{"line":139,"column":16}},"58":{"start":{"line":144,"column":4},"end":{"line":144,"column":20}},"59":{"start":{"line":148,"column":0},"end":{"line":162,"column":2}}},"fnMap":{"0":{"name":"(anonymous_0)","decl":{"start":{"line":15,"column":2},"end":{"line":15,"column":3}},"loc":{"start":{"line":15,"column":63},"end":{"line":21,"column":3}},"line":15},"1":{"name":"(anonymous_1)","decl":{"start":{"line":23,"column":2},"end":{"line":23,"column":3}},"loc":{"start":{"line":23,"column":8},"end":{"line":26,"column":3}},"line":23},"2":{"name":"(anonymous_2)","decl":{"start":{"line":28,"column":2},"end":{"line":28,"column":3}},"loc":{"start":{"line":28,"column":9},"end":{"line":83,"column":3}},"line":28},"3":{"name":"(anonymous_3)","decl":{"start":{"line":45,"column":42},"end":{"line":45,"column":43}},"loc":{"start":{"line":45,"column":70},"end":{"line":73,"column":7}},"line":45},"4":{"name":"(anonymous_4)","decl":{"start":{"line":53,"column":37},"end":{"line":53,"column":38}},"loc":{"start":{"line":53,"column":44},"end":{"line":60,"column":11}},"line":53},"5":{"name":"(anonymous_5)","decl":{"start":{"line":65,"column":21},"end":{"line":65,"column":22}},"loc":{"start":{"line":65,"column":28},"end":{"line":72,"column":9}},"line":65},"6":{"name":"(anonymous_6)","decl":{"start":{"line":85,"column":2},"end":{"line":85,"column":3}},"loc":{"start":{"line":85,"column":24},"end":{"line":88,"column":3}},"line":85},"7":{"name":"(anonymous_7)","decl":{"start":{"line":90,"column":2},"end":{"line":90,"column":3}},"loc":{"start":{"line":90,"column":26},"end":{"line":104,"column":3}},"line":90},"8":{"name":"(anonymous_8)","decl":{"start":{"line":106,"column":2},"end":{"line":106,"column":3}},"loc":{"start":{"line":106,"column":11},"end":{"line":108,"column":3}},"line":106},"9":{"name":"(anonymous_9)","decl":{"start":{"line":110,"column":2},"end":{"line":110,"column":3}},"loc":{"start":{"line":110,"column":10},"end":{"line":112,"column":3}},"line":110},"10":{"name":"(anonymous_10)","decl":{"start":{"line":114,"column":2},"end":{"line":114,"column":3}},"loc":{"start":{"line":114,"column":12},"end":{"line":116,"column":3}},"line":114},"11":{"name":"(anonymous_11)","decl":{"start":{"line":118,"column":2},"end":{"line":118,"column":3}},"loc":{"start":{"line":118,"column":15},"end":{"line":120,"column":3}},"line":118},"12":{"name":"(anonymous_12)","decl":{"start":{"line":122,"column":2},"end":{"line":122,"column":3}},"loc":{"start":{"line":122,"column":12},"end":{"line":124,"column":3}},"line":122},"13":{"name":"(anonymous_13)","decl":{"start":{"line":126,"column":2},"end":{"line":126,"column":3}},"loc":{"start":{"line":126,"column":18},"end":{"line":128,"column":3}},"line":126},"14":{"name":"(anonymous_14)","decl":{"start":{"line":130,"column":2},"end":{"line":130,"column":3}},"loc":{"start":{"line":130,"column":15},"end":{"line":145,"column":3}},"line":130},"15":{"name":"(anonymous_15)","decl":{"start":{"line":144,"column":11},"end":{"line":144,"column":12}},"loc":{"start":{"line":144,"column":17},"end":{"line":144,"column":19}},"line":144}},"branchMap":{"0":{"loc":{"start":{"line":15,"column":41},"end":{"line":15,"column":61}},"type":"default-arg","locations":[{"start":{"line":15,"column":56},"end":{"line":15,"column":61}}],"line":15},"1":{"loc":{"start":{"line":46,"column":23},"end":{"line":46,"column":57}},"type":"cond-expr","locations":[{"start":{"line":46,"column":36},"end":{"line":46,"column":52}},{"start":{"line":46,"column":55},"end":{"line":46,"column":57}}],"line":46},"2":{"loc":{"start":{"line":52,"column":8},"end":{"line":62,"column":9}},"type":"if","locations":[{"start":{"line":52,"column":8},"end":{"line":62,"column":9}},{"start":{},"end":{}}],"line":52},"3":{"loc":{"start":{"line":66,"column":10},"end":{"line":71,"column":11}},"type":"if","locations":[{"start":{"line":66,"column":10},"end":{"line":71,"column":11}},{"start":{},"end":{}}],"line":66},"4":{"loc":{"start":{"line":80,"column":6},"end":{"line":80,"column":51}},"type":"cond-expr","locations":[{"start":{"line":80,"column":27},"end":{"line":80,"column":39}},{"start":{"line":80,"column":42},"end":{"line":80,"column":51}}],"line":80},"5":{"loc":{"start":{"line":87,"column":11},"end":{"line":87,"column":44}},"type":"binary-expr","locations":[{"start":{"line":87,"column":11},"end":{"line":87,"column":36}},{"start":{"line":87,"column":40},"end":{"line":87,"column":44}}],"line":87},"6":{"loc":{"start":{"line":92,"column":4},"end":{"line":94,"column":5}},"type":"if","locations":[{"start":{"line":92,"column":4},"end":{"line":94,"column":5}},{"start":{},"end":{}}],"line":92},"7":{"loc":{"start":{"line":97,"column":4},"end":{"line":101,"column":5}},"type":"if","locations":[{"start":{"line":97,"column":4},"end":{"line":101,"column":5}},{"start":{},"end":{}}],"line":97},"8":{"loc":{"start":{"line":97,"column":8},"end":{"line":97,"column":54}},"type":"binary-expr","locations":[{"start":{"line":97,"column":8},"end":{"line":97,"column":22}},{"start":{"line":97,"column":26},"end":{"line":97,"column":54}}],"line":97},"9":{"loc":{"start":{"line":103,"column":11},"end":{"line":103,"column":25}},"type":"binary-expr","locations":[{"start":{"line":103,"column":11},"end":{"line":103,"column":17}},{"start":{"line":103,"column":21},"end":{"line":103,"column":25}}],"line":103},"10":{"loc":{"start":{"line":107,"column":11},"end":{"line":107,"column":43}},"type":"binary-expr","locations":[{"start":{"line":107,"column":11},"end":{"line":107,"column":35}},{"start":{"line":107,"column":39},"end":{"line":107,"column":43}}],"line":107},"11":{"loc":{"start":{"line":111,"column":11},"end":{"line":111,"column":42}},"type":"binary-expr","locations":[{"start":{"line":111,"column":11},"end":{"line":111,"column":34}},{"start":{"line":111,"column":38},"end":{"line":111,"column":42}}],"line":111},"12":{"loc":{"start":{"line":115,"column":11},"end":{"line":115,"column":44}},"type":"binary-expr","locations":[{"start":{"line":115,"column":11},"end":{"line":115,"column":36}},{"start":{"line":115,"column":40},"end":{"line":115,"column":44}}],"line":115},"13":{"loc":{"start":{"line":119,"column":11},"end":{"line":119,"column":47}},"type":"binary-expr","locations":[{"start":{"line":119,"column":11},"end":{"line":119,"column":39}},{"start":{"line":119,"column":43},"end":{"line":119,"column":47}}],"line":119},"14":{"loc":{"start":{"line":123,"column":11},"end":{"line":123,"column":44}},"type":"binary-expr","locations":[{"start":{"line":123,"column":11},"end":{"line":123,"column":36}},{"start":{"line":123,"column":40},"end":{"line":123,"column":44}}],"line":123},"15":{"loc":{"start":{"line":127,"column":11},"end":{"line":127,"column":50}},"type":"binary-expr","locations":[{"start":{"line":127,"column":11},"end":{"line":127,"column":42}},{"start":{"line":127,"column":46},"end":{"line":127,"column":50}}],"line":127},"16":{"loc":{"start":{"line":136,"column":6},"end":{"line":140,"column":7}},"type":"if","locations":[{"start":{"line":136,"column":6},"end":{"line":140,"column":7}},{"start":{"line":138,"column":13},"end":{"line":140,"column":7}}],"line":136}},"s":{"0":1,"1":1,"2":1,"3":1,"4":1,"5":1,"6":1,"7":1,"8":1,"9":1,"10":1,"11":0,"12":0,"13":0,"14":0,"15":0,"16":0,"17":0,"18":0,"19":0,"20":0,"21":0,"22":0,"23":0,"24":0,"25":0,"26":0,"27":0,"28":0,"29":0,"30":0,"31":0,"32":0,"33":0,"34":0,"35":0,"36":0,"37":0,"38":0,"39":0,"40":0,"41":0,"42":0,"43":0,"44":0,"45":0,"46":0,"47":0,"48":0,"49":0,"50":0,"51":0,"52":0,"53":0,"54":0,"55":0,"56":0,"57":0,"58":0,"59":1},"f":{"0":0,"1":0,"2":0,"3":0,"4":0,"5":0,"6":0,"7":0,"8":0,"9":0,"10":0,"11":0,"12":0,"13":0,"14":0,"15":0},"b":{"0":[0],"1":[0,0],"2":[0,0],"3":[0,0],"4":[0,0],"5":[0,0],"6":[0,0],"7":[0,0],"8":[0,0],"9":[0,0],"10":[0,0],"11":[0,0],"12":[0,0],"13":[0,0],"14":[0,0],"15":[0,0],"16":[0,0]},"_coverageSchema":"1a1c01bbd47fc00a2c39e90264f33305004495a9","hash":"dc9392ac52ae1c06442898695d671774eba9a02b"}
,"C:\\Users\\Surface\\Project\\SwapShop\\SwapShop\\mocks\\timestamp.js": {"path":"C:\\Users\\Surface\\Project\\SwapShop\\SwapShop\\mocks\\timestamp.js","statementMap":{"0":{"start":{"line":1,"column":28},"end":{"line":1,"column":37}},"1":{"start":{"line":2,"column":30},"end":{"line":2,"column":39}},"2":{"start":{"line":3,"column":30},"end":{"line":3,"column":39}},"3":{"start":{"line":4,"column":32},"end":{"line":4,"column":41}},"4":{"start":{"line":5,"column":25},"end":{"line":5,"column":34}},"5":{"start":{"line":9,"column":4},"end":{"line":9,"column":27}},"6":{"start":{"line":10,"column":4},"end":{"line":10,"column":35}},"7":{"start":{"line":14,"column":4},"end":{"line":18,"column":6}},"8":{"start":{"line":22,"column":4},"end":{"line":22,"column":75}},"9":{"start":{"line":26,"column":4},"end":{"line":26,"column":67}},"10":{"start":{"line":30,"column":4},"end":{"line":30,"column":43}},"11":{"start":{"line":34,"column":4},"end":{"line":34,"column":88}},"12":{"start":{"line":38,"column":4},"end":{"line":38,"column":82}},"13":{"start":{"line":42,"column":20},"end":{"line":42,"column":45}},"14":{"start":{"line":43,"column":24},"end":{"line":43,"column":59}},"15":{"start":{"line":44,"column":4},"end":{"line":44,"column":47}},"16":{"start":{"line":49,"column":4},"end":{"line":49,"column":72}},"17":{"start":{"line":53,"column":16},"end":{"line":53,"column":26}},"18":{"start":{"line":54,"column":4},"end":{"line":54,"column":69}},"19":{"start":{"line":61,"column":2},"end":{"line":63,"column":3}},"20":{"start":{"line":62,"column":4},"end":{"line":62,"column":16}},"21":{"start":{"line":66,"column":2},"end":{"line":68,"column":3}},"22":{"start":{"line":67,"column":4},"end":{"line":67,"column":11}},"23":{"start":{"line":71,"column":2},"end":{"line":91,"column":3}},"24":{"start":{"line":72,"column":17},"end":{"line":72,"column":34}},"25":{"start":{"line":74,"column":4},"end":{"line":90,"column":5}},"26":{"start":{"line":76,"column":21},"end":{"line":76,"column":36}},"27":{"start":{"line":77,"column":21},"end":{"line":77,"column":40}},"28":{"start":{"line":79,"column":6},"end":{"line":79,"column":59}},"29":{"start":{"line":85,"column":6},"end":{"line":85,"column":22}},"30":{"start":{"line":86,"column":6},"end":{"line":88,"column":9}},"31":{"start":{"line":87,"column":8},"end":{"line":87,"column":51}},"32":{"start":{"line":89,"column":6},"end":{"line":89,"column":17}},"33":{"start":{"line":92,"column":2},"end":{"line":92,"column":14}},"34":{"start":{"line":95,"column":0},"end":{"line":105,"column":2}}},"fnMap":{"0":{"name":"(anonymous_0)","decl":{"start":{"line":8,"column":2},"end":{"line":8,"column":3}},"loc":{"start":{"line":8,"column":36},"end":{"line":11,"column":3}},"line":8},"1":{"name":"(anonymous_1)","decl":{"start":{"line":13,"column":2},"end":{"line":13,"column":3}},"loc":{"start":{"line":13,"column":17},"end":{"line":19,"column":3}},"line":13},"2":{"name":"(anonymous_2)","decl":{"start":{"line":21,"column":2},"end":{"line":21,"column":3}},"loc":{"start":{"line":21,"column":11},"end":{"line":23,"column":3}},"line":21},"3":{"name":"(anonymous_3)","decl":{"start":{"line":25,"column":2},"end":{"line":25,"column":3}},"loc":{"start":{"line":25,"column":13},"end":{"line":27,"column":3}},"line":25},"4":{"name":"(anonymous_4)","decl":{"start":{"line":29,"column":2},"end":{"line":29,"column":3}},"loc":{"start":{"line":29,"column":12},"end":{"line":31,"column":3}},"line":29},"5":{"name":"(anonymous_5)","decl":{"start":{"line":33,"column":2},"end":{"line":33,"column":3}},"loc":{"start":{"line":33,"column":24},"end":{"line":35,"column":3}},"line":33},"6":{"name":"(anonymous_6)","decl":{"start":{"line":37,"column":2},"end":{"line":37,"column":3}},"loc":{"start":{"line":37,"column":28},"end":{"line":39,"column":3}},"line":37},"7":{"name":"(anonymous_7)","decl":{"start":{"line":41,"column":2},"end":{"line":41,"column":3}},"loc":{"start":{"line":41,"column":29},"end":{"line":45,"column":3}},"line":41},"8":{"name":"(anonymous_8)","decl":{"start":{"line":48,"column":2},"end":{"line":48,"column":3}},"loc":{"start":{"line":48,"column":14},"end":{"line":50,"column":3}},"line":48},"9":{"name":"(anonymous_9)","decl":{"start":{"line":52,"column":2},"end":{"line":52,"column":3}},"loc":{"start":{"line":52,"column":15},"end":{"line":55,"column":3}},"line":52},"10":{"name":"convertTimestamps","decl":{"start":{"line":60,"column":9},"end":{"line":60,"column":26}},"loc":{"start":{"line":60,"column":44},"end":{"line":93,"column":1}},"line":60},"11":{"name":"(anonymous_11)","decl":{"start":{"line":76,"column":16},"end":{"line":76,"column":17}},"loc":{"start":{"line":76,"column":21},"end":{"line":76,"column":36}},"line":76},"12":{"name":"(anonymous_12)","decl":{"start":{"line":77,"column":16},"end":{"line":77,"column":17}},"loc":{"start":{"line":77,"column":21},"end":{"line":77,"column":40}},"line":77},"13":{"name":"(anonymous_13)","decl":{"start":{"line":86,"column":19},"end":{"line":86,"column":20}},"loc":{"start":{"line":86,"column":24},"end":{"line":88,"column":7}},"line":86}},"branchMap":{"0":{"loc":{"start":{"line":15,"column":6},"end":{"line":17,"column":44}},"type":"binary-expr","locations":[{"start":{"line":15,"column":6},"end":{"line":15,"column":32}},{"start":{"line":16,"column":6},"end":{"line":16,"column":36}},{"start":{"line":17,"column":6},"end":{"line":17,"column":44}}],"line":15},"1":{"loc":{"start":{"line":22,"column":11},"end":{"line":22,"column":74}},"type":"binary-expr","locations":[{"start":{"line":22,"column":11},"end":{"line":22,"column":44}},{"start":{"line":22,"column":48},"end":{"line":22,"column":74}}],"line":22},"2":{"loc":{"start":{"line":26,"column":11},"end":{"line":26,"column":66}},"type":"binary-expr","locations":[{"start":{"line":26,"column":11},"end":{"line":26,"column":46}},{"start":{"line":26,"column":50},"end":{"line":26,"column":66}}],"line":26},"3":{"loc":{"start":{"line":34,"column":11},"end":{"line":34,"column":87}},"type":"binary-expr","locations":[{"start":{"line":34,"column":11},"end":{"line":34,"column":46}},{"start":{"line":34,"column":50},"end":{"line":34,"column":87}}],"line":34},"4":{"loc":{"start":{"line":38,"column":11},"end":{"line":38,"column":81}},"type":"binary-expr","locations":[{"start":{"line":38,"column":11},"end":{"line":38,"column":48}},{"start":{"line":38,"column":52},"end":{"line":38,"column":81}}],"line":38},"5":{"loc":{"start":{"line":54,"column":11},"end":{"line":54,"column":68}},"type":"binary-expr","locations":[{"start":{"line":54,"column":11},"end":{"line":54,"column":41}},{"start":{"line":54,"column":45},"end":{"line":54,"column":68}}],"line":54},"6":{"loc":{"start":{"line":60,"column":33},"end":{"line":60,"column":42}},"type":"default-arg","locations":[{"start":{"line":60,"column":40},"end":{"line":60,"column":42}}],"line":60},"7":{"loc":{"start":{"line":61,"column":2},"end":{"line":63,"column":3}},"type":"if","locations":[{"start":{"line":61,"column":2},"end":{"line":63,"column":3}},{"start":{},"end":{}}],"line":61},"8":{"loc":{"start":{"line":66,"column":2},"end":{"line":68,"column":3}},"type":"if","locations":[{"start":{"line":66,"column":2},"end":{"line":68,"column":3}},{"start":{},"end":{}}],"line":66},"9":{"loc":{"start":{"line":71,"column":2},"end":{"line":91,"column":3}},"type":"if","locations":[{"start":{"line":71,"column":2},"end":{"line":91,"column":3}},{"start":{},"end":{}}],"line":71},"10":{"loc":{"start":{"line":74,"column":4},"end":{"line":90,"column":5}},"type":"if","locations":[{"start":{"line":74,"column":4},"end":{"line":90,"column":5}},{"start":{"line":80,"column":11},"end":{"line":90,"column":5}}],"line":74},"11":{"loc":{"start":{"line":75,"column":6},"end":{"line":77,"column":41}},"type":"binary-expr","locations":[{"start":{"line":75,"column":6},"end":{"line":75,"column":23}},{"start":{"line":76,"column":6},"end":{"line":76,"column":37}},{"start":{"line":77,"column":6},"end":{"line":77,"column":41}}],"line":75}},"s":{"0":1,"1":1,"2":1,"3":1,"4":1,"5":0,"6":0,"7":0,"8":0,"9":0,"10":0,"11":0,"12":0,"13":0,"14":0,"15":0,"16":0,"17":0,"18":0,"19":0,"20":0,"21":0,"22":0,"23":0,"24":0,"25":0,"26":0,"27":0,"28":0,"29":0,"30":0,"31":0,"32":0,"33":0,"34":1},"f":{"0":0,"1":0,"2":0,"3":0,"4":0,"5":0,"6":0,"7":0,"8":0,"9":0,"10":0,"11":0,"12":0,"13":0},"b":{"0":[0,0,0],"1":[0,0],"2":[0,0],"3":[0,0],"4":[0,0],"5":[0,0],"6":[0],"7":[0,0],"8":[0,0],"9":[0,0],"10":[0,0],"11":[0,0,0]},"_coverageSchema":"1a1c01bbd47fc00a2c39e90264f33305004495a9","hash":"947d58ae6b21e2b7cfd387f98e8d02b8f5f28d91"}
,"C:\\Users\\Surface\\Project\\SwapShop\\SwapShop\\mocks\\transaction.js": {"path":"C:\\Users\\Surface\\Project\\SwapShop\\SwapShop\\mocks\\transaction.js","statementMap":{"0":{"start":{"line":1,"column":19},"end":{"line":1,"column":28}},"1":{"start":{"line":2,"column":30},"end":{"line":2,"column":39}},"2":{"start":{"line":3,"column":27},"end":{"line":3,"column":36}},"3":{"start":{"line":4,"column":27},"end":{"line":4,"column":36}},"4":{"start":{"line":5,"column":30},"end":{"line":5,"column":39}},"5":{"start":{"line":6,"column":30},"end":{"line":6,"column":39}},"6":{"start":{"line":7,"column":30},"end":{"line":7,"column":39}},"7":{"start":{"line":11,"column":4},"end":{"line":11,"column":29}},"8":{"start":{"line":12,"column":4},"end":{"line":12,"column":40}},"9":{"start":{"line":15,"column":4},"end":{"line":15,"column":89}},"10":{"start":{"line":15,"column":55},"end":{"line":15,"column":64}},"11":{"start":{"line":15,"column":77},"end":{"line":15,"column":86}},"12":{"start":{"line":19,"column":4},"end":{"line":19,"column":37}},"13":{"start":{"line":20,"column":4},"end":{"line":20,"column":39}},"14":{"start":{"line":24,"column":4},"end":{"line":24,"column":37}},"15":{"start":{"line":25,"column":17},"end":{"line":25,"column":31}},"16":{"start":{"line":26,"column":4},"end":{"line":26,"column":17}},"17":{"start":{"line":27,"column":4},"end":{"line":27,"column":21}},"18":{"start":{"line":28,"column":4},"end":{"line":28,"column":16}},"19":{"start":{"line":32,"column":4},"end":{"line":32,"column":40}},"20":{"start":{"line":33,"column":17},"end":{"line":33,"column":31}},"21":{"start":{"line":34,"column":4},"end":{"line":34,"column":17}},"22":{"start":{"line":35,"column":4},"end":{"line":35,"column":24}},"23":{"start":{"line":36,"column":4},"end":{"line":36,"column":16}},"24":{"start":{"line":40,"column":4},"end":{"line":40,"column":40}},"25":{"start":{"line":41,"column":4},"end":{"line":41,"column":17}},"26":{"start":{"line":42,"column":4},"end":{"line":42,"column":16}},"27":{"start":{"line":46,"column":4},"end":{"line":46,"column":40}},"28":{"start":{"line":47,"column":4},"end":{"line":47,"column":21}},"29":{"start":{"line":48,"column":4},"end":{"line":48,"column":16}},"30":{"start":{"line":52,"column":0},"end":{"line":63,"column":2}}},"fnMap":{"0":{"name":"(anonymous_0)","decl":{"start":{"line":10,"column":2},"end":{"line":10,"column":3}},"loc":{"start":{"line":10,"column":31},"end":{"line":16,"column":3}},"line":10},"1":{"name":"(anonymous_1)","decl":{"start":{"line":15,"column":48},"end":{"line":15,"column":49}},"loc":{"start":{"line":15,"column":55},"end":{"line":15,"column":64}},"line":15},"2":{"name":"(anonymous_2)","decl":{"start":{"line":15,"column":70},"end":{"line":15,"column":71}},"loc":{"start":{"line":15,"column":77},"end":{"line":15,"column":86}},"line":15},"3":{"name":"(anonymous_3)","decl":{"start":{"line":18,"column":2},"end":{"line":18,"column":3}},"loc":{"start":{"line":18,"column":11},"end":{"line":21,"column":3}},"line":18},"4":{"name":"(anonymous_4)","decl":{"start":{"line":23,"column":2},"end":{"line":23,"column":3}},"loc":{"start":{"line":23,"column":11},"end":{"line":29,"column":3}},"line":23},"5":{"name":"(anonymous_5)","decl":{"start":{"line":31,"column":2},"end":{"line":31,"column":3}},"loc":{"start":{"line":31,"column":14},"end":{"line":37,"column":3}},"line":31},"6":{"name":"(anonymous_6)","decl":{"start":{"line":39,"column":2},"end":{"line":39,"column":3}},"loc":{"start":{"line":39,"column":14},"end":{"line":43,"column":3}},"line":39},"7":{"name":"(anonymous_7)","decl":{"start":{"line":45,"column":2},"end":{"line":45,"column":3}},"loc":{"start":{"line":45,
[...]
,"C:\\Users\\Surface\\Project\\SwapShop\\SwapShop\\screens\\forgot_password.js": {"path":"C:\\Users\\Surface\\Project\\SwapShop\\SwapShop\\screens\\forgot_password.js","statementMap":{"0":{"start":{"line":16,"column":17},"end":{"line":143,"column":1}},"1":{"start":{"line":17,"column":34},"end":{"line":17,"column":46}},"2":{"start":{"line":24,"column":23},"end":{"line":27,"column":3}},"3":{"start":{"line":26,"column":4},"end":{"line":26,"column":21}},"4":{"start":{"line":29,"column":21},"end":{"line":36,"column":3}},"5":{"start":{"line":31,"column":4},"end":{"line":35,"column":5}},"6":{"start":{"line":32,"column":6},"end":{"line":32,"column":45}},"7":{"start":{"line":34,"column":6},"end":{"line":34,"column":22}},"8":{"start":{"line":38,"column":24},"end":{"line":61,"column":3}},"9":{"start":{"line":40,"column":4},"end":{"line":60,"column":9}},"10":{"start":{"line":43,"column":10},"end":{"line":43,"column":66}},"11":{"start":{"line":46,"column":8},"end":{"line":50,"column":9}},"12":{"start":{"line":48,"column":10},"end":{"line":48,"column":29}},"13":{"start":{"line":49,"column":12},"end":{"line":49,"column":62}},"14":{"start":{"line":52,"column":8},"end":{"line":57,"column":9}},"15":{"start":{"line":53,"column":10},"end":{"line":53,"column":29}},"16":{"start":{"line":54,"column":12},"end":{"line":56,"column":12}},"17":{"start":{"line":59,"column":8},"end":{"line":59,"column":29}},"18":{"start":{"line":63,"column":2},"end":{"line":142,"column":4}},"19":{"start":{"line":116,"column":31},"end":{"line":116,"column":46}},"20":{"start":{"line":128,"column":27},"end":{"line":128,"column":55}},"21":{"start":{"line":136,"column":48},"end":{"line":136,"column":60}},"22":{"start":{"line":144,"column":14},"end":{"line":221,"column":2}}},"fnMap":{"0":{"name":"(anonymous_0)","decl":{"start":{"line":16,"column":17},"end":{"line":16,"column":18}},"loc":{"start":{"line":16,"column":35},"end":{"line":143,"column":1}},"line":16},"1":{"name":"(anonymous_1)","decl":{"start":{"line":24,"column":23},"end":{"line":24,"column":24}},"loc":{"start":{"line":24,"column":30},"end":{"line":27,"column":3}},"line":24},"2":{"name":"(anonymous_2)","decl":{"start":{"line":29,"column":21},"end":{"line":29,"column":22}},"loc":{"start":{"line":29,"column":27},"end":{"line":36,"column":3}},"line":29},"3":{"name":"(anonymous_3)","decl":{"start":{"line":38,"column":24},"end":{"line":38,"column":25}},"loc":{"start":{"line":38,"column":30},"end":{"line":61,"column":3}},"line":38},"4":{"name":"(anonymous_4)","decl":{"start":{"line":42,"column":12},"end":{"line":42,"column":13}},"loc":{"start":{"line":42,"column":18},"end":{"line":44,"column":7}},"line":42},"5":{"name":"(anonymous_5)","decl":{"start":{"line":45,"column":13},"end":{"line":45,"column":14}},"loc":{"start":{"line":45,"column":22},"end":{"line":60,"column":7}},"line":45},"6":{"name":"(anonymous_6)","decl":{"start":{"line":116,"column":26},"end":{"line":116,"column":27}},"loc":{"start":{"line":116,"column":31},"end":{"line":116,"column":46}},"line":116},"7":{"name":"(anonymous_7)","decl":{"start":{"line":128,"column":21},"end":{"line":128,"column":22}},"loc":{"start":{"line":128,"column":27},"end":{"line":128,"column":55}},"line":128},"8":{"name":"(anonymous_8)","decl":{"start":{"line":136,"column":42},"end":{"line":136,"column":43}},"loc":{"start":{"line":136,"column":48},"end":{"line":136,"column":60}},"line":136}},"branchMap":{"0":{"loc":{"start":{"line":31,"column":4},"end":{"line":35,"column":5}},"type":"if","locations":[{"start":{"line":31,"column":4},"end":{"line":35,"column":5}},{"start":{"line":33,"column":11},"end":{"line":35,"column":5}}],"line":31},"1":{"loc":{"start":{"line":46,"column":8},"end":{"line":50,"column":9}},"type":"if","locations":[{"start":{"line":46,"column":8},"end":{"line":50,"column":9}},{"start":{},"end":{}}],"line":46},"2":{"loc":{"start":{"line":52,"column":8},"end":{"line":57,"column":9}},"type":"if","locations":[{"start":{"line":52,"column":8},"end":{"line":57,"column":9}},{"start":{},"end":{}}],"line":52}},"s":{"0":1,"1":4,"2":4,"3":1,"4":4,"5":1,"6":1,"7":0,"8":4,"9":0,"10":0,"11":0,"12":0,"13":0,"14":0,"15":0,"16":0,"17":0,"18":4,"19":1,"20":1,"21":1,"22":1},"f":{"0":4,"1":1,"2":1,"3":0,"4":0,"5":0,"6":1,"7":1,"8":1},"b":{"0":[1,0],"1":[0,0],"2":[0,0]},"_coverageSchema":"1a1c01bbd47fc00a2c39e90264f33305004495a9","hash":"16caa6b734198737eb63bfcfd28739b87d401db3"}
,"C:\\Users\\Surface\\Project\\SwapShop\\SwapShop\\screens\\home_page.js": {"path":"C:\\Users\\Surface\\Project\\SwapShop\\SwapShop\\screens\\home_page.js","statementMap":{"0":{"start":{"line":23,"column":13},"end":{"line":272,"column":1}},"1":{"start":{"line":24,"column":28},"end":{"line":24,"column":42}},"2":{"start":{"line":25,"column":32},"end":{"line":25,"column":46}},"3":{"start":{"line":26,"column":26},"end":{"line":30,"column":4}},"4":{"start":{"line":31,"column":15},"end":{"line":31,"column":17}},"5":{"start":{"line":32,"column":21},"end":{"line":32,"column":39}},"6":{"start":{"line":34,"column":24},"end":{"line":38,"column":3}},"7":{"start":{"line":36,"column":4},"end":{"line":36,"column":27}},"8":{"start":{"line":37,"column":4},"end":{"line":37,"column":17}},"9":{"start":{"line":40,"column":23},"end":{"line":58,"column":3}},"10":{"start":{"line":42,"column":4},"end":{"line":57,"column":6}},"11":{"start":{"line":48,"column":25},"end":{"line":48,"column":55}},"12":{"start":{"line":53,"column":25},"end":{"line":53,"column":43}},"13":{"start":{"line":60,"column":25},"end":{"line":94,"column":3}},"14":{"start":{"line":68,"column":4},"end":{"line":93,"column":9}},"15":{"start":{"line":73,"column":8},"end":{"line":92,"column":9}},"16":{"start":{"line":74,"column":10},"end":{"line":89,"column":15}},"17":{"start":{"line":84,"column":14},"end":{"line":84,"column":47}},"18":{"start":{"line":85,"column":14},"end":{"line":85,"column":47}},"19":{"start":{"line":88,"column":14},"end":{"line":88,"column":33}},"20":{"start":{"line":91,"column":10},"end":{"line":91,"column":50}},"21":{"start":{"line":96,"column":22},"end":{"line":132,"column":3}},"22":{"start":{"line":105,"column":4},"end":{"line":131,"column":9}},"23":{"start":{"line":111,"column":8},"end":{"line":127,"column":9}},"24":{"start":{"line":112,"column":10},"end":{"line":121,"column":13}},"25":{"start":{"line":123,"column":10},"end":{"line":126,"column":12}},"26":{"start":{"line":130,"column":8},"end":{"line":130,"column":27}},"27":{"start":{"line":133,"column":27},"end":{"line":138,"column":3}},"28":{"start":{"line":137,"column":4},"end":{"line":137,"column":36}},"29":{"start":{"line":140,"column":21},"end":{"line":165,"column":3}},"30":{"start":{"line":142,"column":4},"end":{"line":164,"column":9}},"31":{"start":{"line":147,"column":24},"end":{"line":147,"column":46}},"32":{"start":{"line":149,"column":8},"end":{"line":151,"column":9}},"33":{"start":{"line":150,"column":10},"end":{"line":150,"column":38}},"34":{"start":{"line":153,"column":23},"end":{"line":153,"column":52}},"35":{"start":{"line":155,"column":8},"end":{"line":163,"column":13}},"36":{"start":{"line":158,"column":12},"end":{"line":158,"column":41}},"37":{"start":{"line":159,"column":12},"end":{"line":159,"column":40}},"38":{"start":{"line":162,"column":12},"end":{"line":162,"column":27}},"39":{"start":{"line":167,"column":30},"end":{"line":181,"column":3}},"40":{"start":{"line":169,"column":4},"end":{"line":180,"column":34}},"41":{"start":{"line":174,"column":8},"end":{"line":177,"column":10}},"42":{"start":{"line":178,"column":8},"end":{"line":178,"column":21}},"43":{"start":{"line":180,"column":18},"end":{"line":180,"column":32}},"44":{"start":{"line":183,"column":21},"end":{"line":205,"column":3}},"45":{"start":{"line":185,"column":4},"end":{"line":203,"column":9}},"46":{"start":{"line":190,"column":8},"end":{"line":201,"column":11}},"47":{"start":{"line":191,"column":10},"end":{"line":200,"column":13}},"48":{"start":{"line":202,"column":8},"end":{"line":202,"column":32}},"49":{"start":{"line":204,"column":4},"end":{"line":204,"column":19}},"50":{"start":{"line":207,"column":2},"end":{"line":209,"column":9}},"51":{"start":{"line":208,"column":4},"end":{"line":208,"column":17}},"52":{"start":{"line":211,"column":2},"end":{"line":271,"column":4}},"53":{"start":{"line":226,"column":25},"end":{"line":226,"column":55}},"54":{"start":{"line":241,"column":25},"end":{"line":241,"column":58}},"55":{"start":{"line":260,"column":10},"end":{"line":266,"column":12}},"56":{"start":{"line":268,"column":30},"end":{"line":268,"column":37}}},"fnMap":{"0":{"name":"(anonymous_0)","decl":{"start":{"line":23,"column":13},"end":{"line":23,"column":14}},"loc":{"start":{"line":23,"column":31},"end":{"line":272,"column":1}},"line":23},"1":{"name":"(anonymous_1)","decl":{"start":{"line":34,"column":24},"end":{"line":34,"column":25}},"loc":{"start":{"line":34,"column":30},"end":{"line":38,"column":3}},"line":34},"2":{"name":"(anonymous_2)","decl":{"start":{"line":40,"column":23},"end":{"line":40,"column":24}},"loc":{"start":{"line":40,"column":33},"end":{"line":58,"column":3}},"line":40},"3":{"name":"(anonymous_3)","decl":{"start":{"line":48,"column":19},"end":{"line":48,"column":20}},"loc":{"start":{"line":48,"column":25},"end":{"line":48,"column":55}},"line":48},"4":{"name":"(anonymous_4)","decl":{"start":{"line":53,"column":19},"end":{"line":53,"column":20}},"loc":{"start":{"line":53,"column":25},"end":{"line":53,"column":43}},"line":53},"5":{"name":"(anonymous_5)","decl":{"start":{"line":60,"column":25},"end":{"line":60,"column":26}},"loc":{"start":{"line":66,"column":7},"end":{"line":94,"column":3}},"line":66},"6":{"name":"(anonymous_6)","decl":{"start":{"line":72,"column":12},"end":{"line":72,"column":13}},"loc":{"start":{"line":72,"column":29},"end":{"line":93,"column":7}},"line":72},"7":{"name":"(anonymous_7)","decl":{"start":{"line":83,"column":18},"end":{"line":83,"column":19}},"loc":{"start":{"line":83,"column":24},"end":{"line":86,"column":13}},"line":83},"8":{"name":"(anonymous_8)","decl":{"start":{"line":87,"column":19},"end":{"line":87,"column":20}},"loc":{"start":{"line":87,"column":28},"end":{"line":89,"column":13}},"line":87},"9":{"name":"(anonymous_9)","decl":{"start":{"line":96,"column":22},"end":{"line":96,"column":23}},"loc":{"start":{"line":104,"column":7},"end":{"line":132,"column":3}},"line":104},"10":{"name":"(anonymous_10)","decl":{"start":{"line":110,"column":12},"end":{"line":110,"column":13}},"loc":{"start":{"line":110,"column":29},"end":{"line":128,"column":7}},"line":110},"11":{"name":"(anonymous_11)","decl":{"start":{"line":129,"column":13},"end":{"line":129,"column":14}},"loc":{"start":{"line":129,"column":22},"end":{"line":131,"column":7}},"line":129},"12":{"name":"(anonymous_12)","decl":{"start":{"line":133,"column":27},"end":{"line":133,"column":28}},"loc":{"start":{"line":133,"column":33},"end":{"line":138,"column":3}},"line":133},"13":{"name":"(anonymous_13)","decl":{"start":{"line":140,"column":21},"end":{"line":140,"column":22}},"loc":{"start":{"line":140,"column":31},"end":{"line":165,"column":3}},"line":140},"14":{"name":"(anonymous_14)","decl":{"start":{"line":146,"column":12},"end":{"line":146,"column":13}},"loc":{"start":{"line":146,"column":19},"end":{"line":164,"column":7}},"line":146},"15":{"name":"(anonymous_15)","decl":{"start":{"line":157,"column":16},"end":{"line":157,"column":17}},"loc":{"start":{"line":157,"column":22},"end":{"line":160,"column":11}},"line":157},"16":{"name":"(anonymous_16)","decl":{"start":{"line":161,"column":17},"end":{"line":161,"column":18}},"loc":{"start":{"line":161,"column":22},"end":{"line":163,"column":11}},"line":161},"17":{"name":"(anonymous_17)","decl":{"start":{"line":167,"column":30},"end":{"line":167,"column":31}},"loc":{"start":{"line":167,"column":40},"end":{"line":181,"column":3}},"line":167},"18":{"name":"(anonymous_18)","decl":{"start":{"line":173,"column":12},"end":{"line":173,"column":13}},"loc":{"start":{"line":173,"column":18},"end":{"line":179,"column":7}},"line":173},"19":{"name":"(anonymous_19)","decl":{"start":{"line":180,"column":13},"end":{"line":180,"column":14}},"loc":{"start":{"line":180,"column":18},"end":{"line":180,"column":32}},"line":180},"20":{"name":"(anonymous_20)","decl":{"start":{"line":183,"column":21},"end":{"line":183,"column":22}},"loc":{"start":{"line":183,"column":33},"end":{"line":205,"column":3}},"line":183},"21":{"name":"(anonymous_21)","decl":{"start":{"line":189,"column":12},"end":{"line":189,"column":13}},"loc":{"start":{"line":189,"column":29},"end":{"line":203,"column":7}},"line":189},"22":{"name":"(anonymous_22)","decl":{"start":{"line":190,"column":30},"end":{"line":190,"column":31}},"loc":{"start":{"line":190,"column":37},"end":{"line":201,"column":9}},"line":190},"23":{"name":"(anonymous_23)","decl":{"start":{"line":207,"column":12},"end":{"line":207,"column":13}},"loc":{"start":{"line":207,"column":18},"end":{"line":209,"column":3}},"line":207},"24":{"name":"(anonymous_24)","decl":{"start":{"line":226,"column":19},"end":{"line":226,"column":20}},"loc":{"start":{"line":226,"column":25},"end":{"line":226,"column":55}},"line":226},"25":{"name":"(anonymous_25)","decl":{"start":{"line":241,"column":19},"end":{"line":241,"column":20}},"loc":{"start":{"line":241,"column":25},"end":{"line":241,"column":58}},"line":241},"26":{"name":"(anonymous_26)","decl":{"start":{"line":259,"column":20},"end":{"line":259,"column":21}},"loc":{"start":{"line":260,"column":10},"end":{"line":266,"column":12}},"line":260},"27":{"name":"(anonymous_27)","decl":{"start":{"line":268,"column":22},"end":{"line":268,"column":23}},"loc":{"start":{"line":268,"column":30},"end":{"line":268,"column":37}},"line":268}},"branchMap":{"0":{"loc":{"start":{"line":73,"column":8},"end":{"line":92,"column":9}},"type":"if","locations":[{"start":{"line":73,"column":8},"end":{"line":92,"column":9}},{"start":{"line":90,"column":15},"end":{"line":92,"column":9}}],"line":73},"1":{"loc":{"start":{"line":111,"column":8},"end":{"line":127,"column":9}},"type":"if","locations":[{"start":{"line":111,"column":8},"end":{"line":127,"column":9}},{"start":{"line":122,"column":15},"end":{"line":127,"column":9}}],"line":111},"2":{"loc":{"start":{"line":149,"column":8},"end":{"line":151,"column":9}},"type":"if","locations":[{"start":{"line":149,"column":8},"end":{"line":151,"column":9}},{"start":{},"end":{}}],"line":149}},"s":{"0":1,"1":2,"2":2,"3":2,"4":2,"5":2,"6":2,"7":0,"8":0,"9":2,"10":0,"11":0,"12":0,"13":2,"14":0,"15":0,"16":0,"17":0,"18":0,"19":0,"20":0,"21":2,"22":0,"23":0,"24":0,"25":0,"26":0,"27":2,"28":0,"29":2,"30":0,"31":0,"32":0,"33":0,"34":0,"35":0,"36":0,"37":0,"38":0,"39":2,"40":0,"41":0,"42":0,"43":0,"44":2,"45":2,"46":0,"47":0,"48":0,"49":0,"50":2,"51":2,"52":2,"53":0,"54":1,"55":0,"56":0},"f":{"0":2,"1":0,"2":0,"3":0,"4":0,"5":0,"6":0,"7":0,"8":0,"9":0,"10":0,"11":0,"12":0,"13":0,"14":0,"15":0,"16":0,"17":0,"18":0,"19":0,"20":2,"21":0,"22":0,"23":2,"24":0,"25":1,"26":0,"27":0},"b":{"0":[0,0],"1":[0,0],"2":[0,0]},"_coverageSchema":"1a1c01bbd47fc00a2c39e90264f33305004495a9","hash":"007022c8e3c0be4f6f57bd2abb21d8b5a0c9c29b"}
,"C:\\Users\\Surface\\Project\\SwapShop\\SwapShop\\screens\\settings_page.js": {"path":"C:\\Users\\Surface\\Project\\SwapShop\\SwapShop\\screens\\settings_page.js","statementMap":{"0":{"start":{"line":15,"column":17},"end":{"line":117,"column":1}},"1":{"start":{"line":17,"column":38},"end":{"line":17,"column":52}},"2":{"start":{"line":18,"column":32},"end":{"line":18,"column":46}},"3":{"start":{"line":20,"column":18},"end":{"line":25,"column":3}},"4":{"start":{"line":21,"column":4},"end":{"line":23,"column":51}},"5":{"start":{"line":23,"column":18},"end":{"line":23,"column":49}},"6":{"start":{"line":24,"column":4},"end":{"line":24,"column":35}},"7":{"start":{"line":27,"column":2},"end":{"line":116,"column":4}},"8":{"start":{"line":54,"column":25},"end":{"line":54,"column":53}},"9":{"start":{"line":102,"column":25},"end":{"line":102,"column":34}}},"fnMap":{"0":{"name":"(anonymous_0)","decl":{"start":{"line":15,"column":17},"end":{"line":15,"column":18}},"loc":{"start":{"line":15,"column":35},"end":{"line":117,"column":1}},"line":15},"1":{"name":"(anonymous_1)","decl":{"start":{"line":20,"column":18},"end":{"line":20,"column":19}},"loc":{"start":{"line":20,"column":24},"end":{"line":25,"column":3}},"line":20},"2":{"name":"(anonymous_2)","decl":{"start":{"line":23,"column":12},"end":{"line":23,"column":13}},"loc":{"start":{"line":23,"column":18},"end":{"line":23,"column":49}},"line":23},"3":{"name":"(anonymous_3)","decl":{"start":{"line":54,"column":19},"end":{"line":54,"column":20}},"loc":{"start":{"line":54,"column":25},"end":{"line":54,"column":53}},"line":54},"4":{"name":"(anonymous_4)","decl":{"start":{"line":102,"column":19},"end":{"line":102,"column":20}},"loc":{"start":{"line":102,"column":25},"end":{"line":102,"column":34}},"line":102}},"branchMap":{},"s":{"0":1,"1":1,"2":1,"3":1,"4":0,"5":0,"6":0,"7":1,"8":1,"9":0},"f":{"0":1,"1":0,"2":0,"3":1,"4":0},"b":{},"_coverageSchema":"1a1c01bbd47fc00a2c39e90264f33305004495a9","hash":"89a2c9462386cc9b2df85f35c611316dd117dc00"}
,"C:\\Users\\Surface\\Project\\SwapShop\\SwapShop\\styles\\AddPageStyles.js": {"path":"C:\\Users\\Surface\\Project\\SwapShop\\SwapShop\\styles\\AddPageStyles.js","statementMap":{"0":{"start":{"line":3,"column":29},"end":{"line":6,"column":1}}},"fnMap":{},"branchMap":{},"s":{"0":1},"f":{},"b":{},"_coverageSchema":"1a1c01bbd47fc00a2c39e90264f33305004495a9","hash":"807721a5e1f07684266be2c7f85edebf79d77f49"}
,"C:\\Users\\Surface\\Project\\SwapShop\\SwapShop\\styles\\HomePageStyle.js": {"path":"C:\\Users\\Surface\\Project\\SwapShop\\SwapShop\\styles\\HomePageStyle.js","statementMap":{"0":{"start":{"line":3,"column":25},"end":{"line":8,"column":1}},"1":{"start":{"line":10,"column":26},"end":{"line":15,"column":1}},"2":{"start":{"line":17,"column":20},"end":{"line":22,"column":1}},"3":{"start":{"line":24,"column":24},"end":{"line":28,"column":1}},"4":{"start":{"line":30,"column":23},"end":{"line":34,"column":1}},"5":{"start":{"line":36,"column":24},"end":{"line":42,"column":1}},"6":{"start":{"line":44,"column":28},"end":{"line":48,"column":1}},"7":{"start":{"line":50,"column":24},"end":{"line":54,"column":1}},"8":{"start":{"line":56,"column":24},"end":{"line":63,"column":1}},"9":{"start":{"line":65,"column":23},"end":{"line":69,"column":1}},"10":{"start":{"line":71,"column":34},"end":{"line":75,"column":1}},"11":{"start":{"line":77,"column":27},"end":{"line":83,"column":1}},"12":{"start":{"line":82,"column":33},"end":{"line":82,"column":75}},"13":{"start":{"line":85,"column":31},"end":{"line":91,"column":1}},"14":{"start":{"line":89,"column":22},"end":{"line":89,"column":55}}},"fnMap":{"0":{"name":"(anonymous_0)","decl":{"start":{"line":82,"column":24},"end":{"line":82,"column":25}},"loc":{"start":{"line":82,"column":33},"end":{"line":82,"column":75}},"line":82},"1":{"name":"(anonymous_1)","decl":{"start":{"line":89,"column":13},"end":{"line":89,"column":14}},"loc":{"start":{"line":89,"column":22},"end":{"line":89,"column":55}},"line":89}},"branchMap":{"0":{"loc":{"start":{"line":82,"column":33},"end":{"line":82,"column":75}},"type":"cond-expr","locations":[{"start":{"line":82,"column":48},"end":{"line":82,"column":59}},{"start":{"line":82,"column":62},"end":{"line":82,"column":75}}],"line":82},"1":{"loc":{"start":{"line":89,"column":22},"end":{"line":89,"column":55}},"type":"cond-expr","locations":[{"start":{"line":89,"column":37},"end":{"line":89,"column":46}},{"start":{"line":89,"column":49},"end":{"line":89,"column":55}}],"line":89}},"s":{"0":1,"1":1,"2":1,"3":1,"4":1,"5":1,"6":1,"7":1,"8":1,"9":1,"10":1,"11":1,"12":0,"13":1,"14":0},"f":{"0":0,"1":0},"b":{"0":[0,0],"1":[0,0]},"_coverageSchema":"1a1c01bbd47fc00a2c39e90264f33305004495a9","hash":"8249d8e60b64ed3f965a3d28bb0c134701cc93b3"}
}
