{"C:\\Users\\Surface\\Project\\SwapShop\\SwapShop\\assets\\Image\\gradient.jpg": {"path":"C:\\Users\\Surface\\Project\\SwapShop\\SwapShop\\assets\\Image\\gradient.jpg","statementMap":{"0":{"start":{"line":1,"column":0},"end":{"line":4,"column":6}}},"fnMap":{},"branchMap":{},"s":{"0":1},"f":{},"b":{},"_coverageSchema":"1a1c01bbd47fc00a2c39e90264f33305004495a9","hash":"e499cf35588e19c5ba1ee5817632d57893d2238c"}
,"C:\\Users\\Surface\\Project\\SwapShop\\SwapShop\\assets\\Image\\image.png": {"path":"C:\\Users\\Surface\\Project\\SwapShop\\SwapShop\\assets\\Image\\image.png","statementMap":{"0":{"start":{"line":1,"column":0},"end":{"line":4,"column":6}}},"fnMap":{},"branchMap":{},"s":{"0":1},"f":{},"b":{},"_coverageSchema":"1a1c01bbd47fc00a2c39e90264f33305004495a9","hash":"5f05638df7378c6939a0a8aa0dce8fcbf5603752"}
,"C:\\Users\\Surface\\Project\\SwapShop\\SwapShop\\screens\\LoginScreen.js": {"path":"C:\\Users\\Surface\\Project\\SwapShop\\SwapShop\\screens\\LoginScreen.js","statementMap":{"0":{"start":{"line":17,"column":20},"end":{"line":212,"column":1}},"1":{"start":{"line":18,"column":2},"end":{"line":18,"column":38}},"2":{"start":{"line":19,"column":2},"end":{"line":19,"column":25}},"3":{"start":{"line":21,"column":26},"end":{"line":25,"column":4}},"4":{"start":{"line":29,"column":24},"end":{"line":62,"column":3}},"5":{"start":{"line":32,"column":4},"end":{"line":61,"column":9}},"6":{"start":{"line":38,"column":8},"end":{"line":38,"column":39}},"7":{"start":{"line":39,"column":8},"end":{"line":39,"column":40}},"8":{"start":{"line":43,"column":8},"end":{"line":46,"column":9}},"9":{"start":{"line":44,"column":10},"end":{"line":44,"column":65}},"10":{"start":{"line":45,"column":10},"end":{"line":45,"column":38}},"11":{"start":{"line":48,"column":8},"end":{"line":53,"column":9}},"12":{"start":{"line":49,"column":10},"end":{"line":49,"column":75}},"13":{"start":{"line":50,"column":10},"end":{"line":52,"column":12}},"14":{"start":{"line":55,"column":8},"end":{"line":58,"column":9}},"15":{"start":{"line":56,"column":10},"end":{"line":56,"column":55}},"16":{"start":{"line":57,"column":10},"end":{"line":57,"column":46}},"17":{"start":{"line":60,"column":8},"end":{"line":60,"column":29}},"18":{"start":{"line":64,"column":21},"end":{"line":73,"column":3}},"19":{"start":{"line":66,"column":4},"end":{"line":72,"column":5}},"20":{"start":{"line":67,"column":6},"end":{"line":67,"column":43}},"21":{"start":{"line":68,"column":11},"end":{"line":72,"column":5}},"22":{"start":{"line":69,"column":6},"end":{"line":69,"column":55}},"23":{"start":{"line":71,"column":6},"end":{"line":71,"column":22}},"24":{"start":{"line":75,"column":23},"end":{"line":81,"column":3}},"25":{"start":{"line":77,"column":4},"end":{"line":80,"column":7}},"26":{"start":{"line":83,"column":27},"end":{"line":89,"column":3}},"27":{"start":{"line":85,"column":4},"end":{"line":88,"column":7}},"28":{"start":{"line":91,"column":2},"end":{"line":211,"column":4}},"29":{"start":{"line":142,"column":31},"end":{"line":142,"column":46}},"30":{"start":{"line":170,"column":31},"end":{"line":170,"column":50}},"31":{"start":{"line":190,"column":27},"end":{"line":190,"column":58}},"32":{"start":{"line":196,"column":27},"end":{"line":196,"column":39}},"33":{"start":{"line":204,"column":27},"end":{"line":204,"column":56}},"34":{"start":{"line":214,"column":14},"end":{"line":295,"column":2}}},"fnMap":{"0":{"name":"(anonymous_0)","decl":{"start":{"line":17,"column":20},"end":{"line":17,"column":21}},"loc":{"start":{"line":17,"column":38},"end":{"line":212,"column":1}},"line":17},"1":{"name":"(anonymous_1)","decl":{"start":{"line":29,"column":24},"end":{"line":29,"column":25}},"loc":{"start":{"line":29,"column":30},"end":{"line":62,"column":3}},"line":29},"2":{"name":"(anonymous_2)","decl":{"start":{"line":37,"column":12},"end":{"line":37,"column":13}},"loc":{"start":{"line":37,"column":18},"end":{"line":40,"column":7}},"line":37},"3":{"name":"(anonymous_3)","decl":{"start":{"line":41,"column":13},"end":{"line":41,"column":14}},"loc":{"start":{"line":41,"column":22},"end":{"line":61,"column":7}},"line":41},"4":{"name":"(anonymous_4)","decl":{"start":{"line":64,"column":21},"end":{"line":64,"column":22}},"loc":{"start":{"line":64,"column":27},"end":{"line":73,"column":3}},"line":64},"5":{"name":"(anonymous_5)","decl":{"start":{"line":75,"column":23},"end":{"line":75,"column":24}},"loc":{"start":{"line":75,"column":30},"end":{"line":81,"column":3}},"line":75},"6":{"name":"(anonymous_6)","decl":{"start":{"line":83,"column":27},"end":{"line":83,"column":28}},"loc":{"start":{"line":83,"column":34},"end":{"line":89,"column":3}},"line":83},"7":{"name":"(anonymous_7)","decl":{"start":{"line":142,"column":26},"end":{"line":142,"column":27}},"loc":{"start":{"line":142,"column":31},"end":{"line":142,"column":46}},"line":142},"8":{"name":"(anonymous_8)","decl":{"start":{"line":170,"column":26},"end":{"line":170,"column":27}},"loc":{"start":{"line":170,"column":31},"end":{"line":170,"column":50}},"line":170},"9":{"name":"(anonymous_9)","decl":{"start":{"line":190,"column":21},"end":{"line":190,"column":22}},"loc":{"start":{"line":190,"column":27},"end":{"line":190,"column":58}},"line":190},"10":{"name":"(anonymous_10)","decl":{"start":{"line":196,"column":21},"end":{"line":196,"column":22}},"loc":{"start":{"line":196,"column":27},"end":{"line":196,"column":39}},"line":196},"11":{"name":"(anonymous_11)","decl":{"start":{"line":204,"column":21},"end":{"line":204,"column":22}},"loc":{"start":{"line":204,"column":27},"end":{"line":204,"column":56}},"line":204}},"branchMap":{"0":{"loc":{"start":{"line":43,"column":8},"end":{"line":46,"column":9}},"type":"if","locations":[{"start":{"line":43,"column":8},"end":{"line":46,"column":9}},{"start":{},"end":{}}],"line":43},"1":{"loc":{"start":{"line":48,"column":8},"end":{"line":53,"column":9}},"type":"if","locations":[{"start":{"line":48,"column":8},"end":{"line":53,"column":9}},{"start":{},"end":{}}],"line":48},"2":{"loc":{"start":{"line":55,"column":8},"end":{"line":58,"column":9}},"type":"if","locations":[{"start":{"line":55,"column":8},"end":{"line":58,"column":9}},{"start":{},"end":{}}],"line":55},"3":{"loc":{"start":{"line":66,"column":4},"end":{"line":72,"column":5}},"type":"if","locations":[{"start":{"line":66,"column":4},"end":{"line":72,"column":5}},{"start":{"line":68,"column":11},"end":{"line":72,"column":5}}],"line":66},"4":{"loc":{"start":{"line":66,"column":8},"end":{"line":66,"column":62}},"type":"binary-expr","locations":[{"start":{"line":66,"column":8},"end":{"line":66,"column":33}},{"start":{"line":66,"column":37},"end":{"line":66,"column":62}}],"line":66},"5":{"loc":{"start":{"line":68,"column":11},"end":{"line":72,"column":5}},"type":"if","locations":[{"start":{"line":68,"column":11},"end":{"line":72,"column":5}},{"start":{"line":70,"column":11},"end":{"line":72,"column":5}}],"line":68}},"s":{"0":1,"1":2,"2":2,"3":2,"4":2,"5":0,"6":0,"7":0,"8":0,"9":0,"10":0,"11":0,"12":0,"13":0,"14":0,"15":0,"16":0,"17":0,"18":2,"19":0,"20":0,"21":0,"22":0,"23":0,"24":2,"25":0,"26":2,"27":0,"28":2,"29":0,"30":0,"31":0,"32":0,"33":1,"34":1},"f":{"0":2,"1":0,"2":0,"3":0,"4":0,"5":0,"6":0,"7":0,"8":0,"9":0,"10":0,"11":1},"b":{"0":[0,0],"1":[0,0],"2":[0,0],"3":[0,0],"4":[0,0],"5":[0,0]},"_coverageSchema":"1a1c01bbd47fc00a2c39e90264f33305004495a9","hash":"eb5a17121f4e1184cf774c59bd13d3e57f58bc36"}
,"C:\\Users\\Surface\\Project\\SwapShop\\SwapShop\\screens\\SignUpScreen.js": {"path":"C:\\Users\\Surface\\Project\\SwapShop\\SwapShop\\screens\\SignUpScreen.js","statementMap":{"0":{"start":{"line":26,"column":21},"end":{"line":379,"column":1}},"1":{"start":{"line":27,"column":2},"end":{"line":27,"column":38}},"2":{"start":{"line":28,"column":2},"end":{"line":28,"column":25}},"3":{"start":{"line":30,"column":26},"end":{"line":37,"column":4}},"4":{"start":{"line":41,"column":27},"end":{"line":56,"column":3}},"5":{"start":{"line":42,"column":4},"end":{"line":55,"column":9}},"6":{"start":{"line":51,"column":8},"end":{"line":51,"column":34}},"7":{"start":{"line":54,"column":8},"end":{"line":54,"column":27}},"8":{"start":{"line":58,"column":25},"end":{"line":100,"column":3}},"9":{"start":{"line":61,"column":4},"end":{"line":99,"column":9}},"10":{"start":{"line":68,"column":8},"end":{"line":68,"column":44}},"11":{"start":{"line":69,"column":21},"end":{"line":69,"column":39}},"12":{"start":{"line":70,"column":8},"end":{"line":75,"column":10}},"13":{"start":{"line":76,"column":8},"end":{"line":76,"column":55}},"14":{"start":{"line":77,"column":8},"end":{"line":77,"column":40}},"15":{"start":{"line":81,"column":8},"end":{"line":84,"column":9}},"16":{"start":{"line":82,"column":10},"end":{"line":82,"column":63}},"17":{"start":{"line":83,"column":10},"end":{"line":83,"column":57}},"18":{"start":{"line":86,"column":8},"end":{"line":89,"column":9}},"19":{"start":{"line":87,"column":10},"end":{"line":87,"column":56}},"20":{"start":{"line":88,"column":10},"end":{"line":88,"column":50}},"21":{"start":{"line":91,"column":8},"end":{"line":96,"column":9}},"22":{"start":{"line":92,"column":10},"end":{"line":92,"column":48}},"23":{"start":{"line":93,"column":10},"end":{"line":95,"column":12}},"24":{"start":{"line":98,"column":8},"end":{"line":98,"column":29}},"25":{"start":{"line":102,"column":22},"end":{"line":118,"column":3}},"26":{"start":{"line":104,"column":4},"end":{"line":117,"column":5}},"27":{"start":{"line":110,"column":6},"end":{"line":110,"column":40}},"28":{"start":{"line":111,"column":11},"end":{"line":117,"column":5}},"29":{"start":{"line":112,"column":6},"end":{"line":112,"column":53}},"30":{"start":{"line":113,"column":11},"end":{"line":117,"column":5}},"31":{"start":{"line":114,"column":6},"end":{"line":114,"column":39}},"32":{"start":{"line":116,"column":6},"end":{"line":116,"column":23}},"33":{"start":{"line":120,"column":23},"end":{"line":126,"column":3}},"34":{"start":{"line":122,"column":4},"end":{"line":125,"column":7}},"35":{"start":{"line":128,"column":21},"end":{"line":134,"column":3}},"36":{"start":{"line":130,"column":4},"end":{"line":133,"column":7}},"37":{"start":{"line":136,"column":19},"end":{"line":142,"column":3}},"38":{"start":{"line":138,"column":4},"end":{"line":141,"column":7}},"39":{"start":{"line":144,"column":22},"end":{"line":150,"column":3}},"40":{"start":{"line":146,"column":4},"end":{"line":149,"column":7}},"41":{"start":{"line":152,"column":29},"end":{"line":158,"column":3}},"42":{"start":{"line":154,"column":4},"end":{"line":157,"column":7}},"43":{"start":{"line":160,"column":2},"end":{"line":378,"column":4}},"44":{"start":{"line":210,"column":31},"end":{"line":210,"column":46}},"45":{"start":{"line":236,"column":31},"end":{"line":236,"column":44}},"46":{"start":{"line":262,"column":31},"end":{"line":262,"column":42}},"47":{"start":{"line":289,"column":31},"end":{"line":289,"column":45}},"48":{"start":{"line":319,"column":31},"end":{"line":319,"column":52}},"49":{"start":{"line":364,"column":64},"end":{"line":364,"column":77}},"50":{"start":{"line":371,"column":27},"end":{"line":371,"column":55}},"51":{"start":{"line":381,"column":14},"end":{"line":441,"column":2}}},"fnMap":{"0":{"name":"(anonymous_0)","decl":{"start":{"line":26,"column":21},"end":{"line":26,"column":22}},"loc":{"start":{"line":26,"column":39},"end":{"line":379,"column":1}},"line":26},"1":{"name":"(anonymous_1)","decl":{"start":{"line":41,"column":27},"end":{"line":41,"column":28}},"loc":{"start":{"line":41,"column":66},"end":{"line":56,"column":3}},"line":41},"2":{"name":"(anonymous_2)","decl":{"start":{"line":50,"column":12},"end":{"line":50,"column":13}},"loc":{"start":{"line":50,"column":18},"end":{"line":52,"column":7}},"line":50},"3":{"name":"(anonymous_3)","decl":{"start":{"line":53,"column":13},"end":{"line":53,"column":14}},"loc":{"start":{"line":53,"column":22},"end":{"line":55,"column":7}},"line":53},"4":{"name":"(anonymous_4)","decl":{"start":{"line":58,"column":25},"end":{"line":58,"column":26}},"loc":{"start":{"line":58,"column":31},"end":{"line":100,"column":3}},"line":58},"5":{"name":"(anonymous_5)","decl":{"start":{"line":66,"column":12},"end":{"line":66,"column":13}},"loc":{"start":{"line":66,"column":18},"end":{"line":78,"column":7}},"line":66},"6":{"name":"(anonymous_6)","decl":{"start":{"line":79,"column":13},"end":{"line":79,"column":14}},"loc":{"start":{"line":79,"column":22},"end":{"line":99,"column":7}},"line":79},"7":{"name":"(anonymous_7)","decl":{"start":{"line":102,"column":22},"end":{"line":102,"column":23}},"loc":{"start":{"line":102,"column":28},"end":{"line":118,"column":3}},"line":102},"8":{"name":"(anonymous_8)","decl":{"start":{"line":120,"column":23},"end":{"line":120,"column":24}},"loc":{"start":{"line":120,"column":30},"end":{"line":126,"column":3}},"line":120},"9":{"name":"(anonymous_9)","decl":{"start":{"line":128,"column":21},"end":{"line":128,"column":22}},"loc":{"start":{"line":128,"column":28},"end":{"line":134,"column":3}},"line":128},"10":{"name":"(anonymous_10)","decl":{"start":{"line":136,"column":19},"end":{"line":136,"column":20}},"loc":{"start":{"line":136,"column":26},"end":{"line":142,"column":3}},"line":136},"11":{"name":"(anonymous_11)","decl":{"start":{"line":144,"column":22},"end":{"line":144,"column":23}},"loc":{"start":{"line":144,"column":29},"end":{"line":150,"column":3}},"line":144},"12":{"name":"(anonymous_12)","decl":{"start":{"line":152,"column":29},"end":{"line":152,"column":30}},"loc":{"start":{"line":152,"column":36},"end":{"line":158,"column":3}},"line":152},"13":{"name":"(anonymous_13)","decl":{"start":{"line":210,"column":26},"end":{"line":210,"column":27}},"loc":{"start":{"line":210,"column":31},"end":{"line":210,"column":46}},"line":210},"14":{"name":"(anonymous_14)","decl":{"start":{"line":236,"column":26},"end":{"line":236,"column":27}},"loc":{"start":{"line":236,"column":31},"end":{"line":236,"column":44}},"line":236},"15":{"name":"(anonymous_15)","decl":{"start":{"line":262,"column":26},"end":{"line":262,"column":27}},"loc":{"start":{"line":262,"column":31},"end":{"line":262,"column":42}},"line":262},"16":{"name":"(anonymous_16)","decl":{"start":{"line":289,"column":26},"end":{"line":289,"column":27}},"loc":{"start":{"line":289,"column":31},"end":{"line":289,"column":45}},"line":289},"17":{"name":"(anonymous_17)","decl":{"start":{"line":319,"column":26},"end":{"line":319,"column":27}},"loc":{"start":{"line":319,"column":31},"end":{"line":319,"column":52}},"line":319},"18":{"name":"(anonymous_18)","decl":{"start":{"line":364,"column":58},"end":{"line":364,"column":59}},"loc":{"start":{"line":364,"column":64},"end":{"line":364,"column":77}},"line":364},"19":{"name":"(anonymous_19)","decl":{"start":{"line":371,"column":21},"end":{"line":371,"column":22}},"loc":{"start":{"line":371,"column":27},"end":{"line":371,"column":55}},"line":371}},"branchMap":{"0":{"loc":{"start":{"line":81,"column":8},"end":{"line":84,"column":9}},"type":"if","locations":[{"start":{"line":81,"column":8},"end":{"line":84,"column":9}},{"start":{},"end":{}}],"line":81},"1":{"loc":{"start":{"line":86,"column":8},"end":{"line":89,"column":9}},"type":"if","locations":[{"start":{"line":86,"column":8},"end":{"line":89,"column":9}},{"start":{},"end":{}}],"line":86},"2":{"loc":{"start":{"line":91,"column":8},"end":{"line":96,"column":9}},"type":"if","locations":[{"start":{"line":91,"column":8},"end":{"line":96,"column":9}},{"start":{},"end":{}}],"line":91},"3":{"loc":{"start":{"line":104,"column":4},"end":{"line":117,"column":5}},"type":"if","locations":[{"start":{"line":104,"column":4},"end":{"line":117,"column":5}},{"start":{"line":111,"column":11},"end":{"line":117,"column":5}}],"line":104},"4":{"loc":{"start":{"line":105,"column":6},"end":{"line":108,"column":30}},"type":"binary-expr","locations":[{"start":{"line":105,"column":6},"end":{"line":105,"column":28}},{"start":{"line":106,"column":6},"end":{"line":106,"column":31}},{"start":{"line":107,"column":6},"end":{"line":107,"column":32}},{"start":{"line":108,"column":6},"end":{"line":108,"column":30}}],"line":105},"5":{"loc":{"start":{"line":111,"column":11},"end":{"line":117,"column":5}},"type":"if","locations":[{"start":{"line":111,"column":11},"end":{"line":117,"column":5}},{"start":{"line":113,"column":11},"end":{"line":117,"column":5}}],"line":111},"6":{"loc":{"start":{"line":113,"column":11},"end":{"line":117,"column":5}},"type":"if","locations":[{"start":{"line":113,"column":11},"end":{"line":117,"column":5}},{"start":{"line":115,"column":11},"end":{"line":117,"column":5}}],"line":113}},"s":{"0":1,"1":2,"2":2,"3":2,"4":2,"5":0,"6":0,"7":0,"8":2,"9":0,"10":0,"11":0,"12":0,"13":0,"14":0,"15":0,"16":0,"17":0,"18":0,"19":0,"20":0,"21":0,"22":0,"23":0,"24":0,"25":2,"26":0,"27":0,"28":0,"29":0,"30":0,"31":0,"32":0,"33":2,"34":0,"35":2,"36":0,"37":2,"38":0,"39":2,"40":0,"41":2,"42":0,"43":2,"44":0,"45":0,"46":0,"47":0,"48":0,"49":0,"50":1,"51":1},"f":{"0":2,"1":0,"2":0,"3":0,"4":0,"5":0,"6":0,"7":0,"8":0,"9":0,"10":0,"11":0,"12":0,"13":0,"14":0,"15":0,"16":0,"17":0,"18":0,"19":1},"b":{"0":[0,0],"1":[0,0],"2":[0,0],"3":[0,0],"4":[0,0,0,0],"5":[0,0],"6":[0,0]},"_coverageSchema":"1a1c01bbd47fc00a2c39e90264f33305004495a9","hash":"0a6b5db7df489e278ae287b4fecc8c812e614dde"}
,"C:\\Users\\Surface\\Project\\SwapShop\\SwapShop\\screens\\Welcome_Page.js": {"path":"C:\\Users\\Surface\\Project\\SwapShop\\SwapShop\\screens\\Welcome_Page.js","statementMap":{"0":{"start":{"line":13,"column":21},"end":{"line":139,"column":1}},"1":{"start":{"line":14,"column":42},"end":{"line":14,"column":56}},"2":{"start":{"line":15,"column":26},"end":{"line":15,"column":36}},"3":{"start":{"line":19,"column":4},"end":{"line":19,"column":18}},"4":{"start":{"line":20,"column":4},"end":{"line":20,"column":45}},"5":{"start":{"line":20,"column":22},"end":{"line":20,"column":45}},"6":{"start":{"line":23,"column":2},"end":{"line":27,"column":9}},"7":{"start":{"line":25,"column":23},"end":{"line":25,"column":68}},"8":{"start":{"line":26,"column":4},"end":{"line":26,"column":22}},"9":{"start":{"line":29,"column":22},"end":{"line":43,"column":3}},"10":{"start":{"line":30,"column":4},"end":{"line":32,"column":5}},"11":{"start":{"line":31,"column":6},"end":{"line":31,"column":18}},"12":{"start":{"line":34,"column":4},"end":{"line":37,"column":5}},"13":{"start":{"line":36,"column":6},"end":{"line":36,"column":35}},"14":{"start":{"line":39,"column":4},"end":{"line":42,"column":5}},"15":{"start":{"line":40,"column":6},"end":{"line":40,"column":38}},"16":{"start":{"line":41,"column":6},"end":{"line":41,"column":28}},"17":{"start":{"line":44,"column":2},"end":{"line":138,"column":4}},"18":{"start":{"line":88,"column":27},"end":{"line":88,"column":56}},"19":{"start":{"line":121,"column":27},"end":{"line":121,"column":40}}},"fnMap":{"0":{"name":"(anonymous_0)","decl":{"start":{"line":13,"column":21},"end":{"line":13,"column":22}},"loc":{"start":{"line":13,"column":39},"end":{"line":139,"column":1}},"line":13},"1":{"name":"onAuthStateChanged","decl":{"start":{"line":17,"column":11},"end":{"line":17,"column":29}},"loc":{"start":{"line":17,"column":36},"end":{"line":21,"column":3}},"line":17},"2":{"name":"(anonymous_2)","decl":{"start":{"line":23,"column":12},"end":{"line":23,"column":13}},"loc":{"start":{"line":23,"column":18},"end":{"line":27,"column":3}},"line":23},"3":{"name":"(anonymous_3)","decl":{"start":{"line":29,"column":22},"end":{"line":29,"column":23}},"loc":{"start":{"line":29,"column":28},"end":{"line":43,"column":3}},"line":29},"4":{"name":"(anonymous_4)","decl":{"start":{"line":88,"column":21},"end":{"line":88,"column":22}},"loc":{"start":{"line":88,"column":27},"end":{"line":88,"column":56}},"line":88},"5":{"name":"(anonymous_5)","decl":{"start":{"line":121,"column":21},"end":{"line":121,"column":22}},"loc":{"start":{"line":121,"column":27},"end":{"line":121,"column":40}},"line":121}},"branchMap":{"0":{"loc":{"start":{"line":20,"column":4},"end":{"line":20,"column":45}},"type":"if","locations":[{"start":{"line":20,"column":4},"end":{"line":20,"column":45}},{"start":{},"end":{}}],"line":20},"1":{"loc":{"start":{"line":30,"column":4},"end":{"line":32,"column":5}},"type":"if","locations":[{"start":{"line":30,"column":4},"end":{"line":32,"column":5}},{"start":{},"end":{}}],"line":30},"2":{"loc":{"start":{"line":34,"column":4},"end":{"line":37,"column":5}},"type":"if","locations":[{"start":{"line":34,"column":4},"end":{"line":37,"column":5}},{"start":{},"end":{}}],"line":34},"3":{"loc":{"start":{"line":39,"column":4},"end":{"line":42,"column":5}},"type":"if","locations":[{"start":{"line":39,"column":4},"end":{"line":42,"column":5}},{"start":{},"end":{}}],"line":39}},"s":{"0":1,"1":2,"2":2,"3":0,"4":0,"5":0,"6":2,"7":2,"8":2,"9":2,"10":0,"11":0,"12":0,"13":0,"14":0,"15":0,"16":0,"17":2,"18":1,"19":0},"f":{"0":2,"1":0,"2":2,"3":0,"4":1,"5":0},"b":{"0":[0,0],"1":[0,0],"2":[0,0],"3":[0,0]},"_coverageSchema":"1a1c01bbd47fc00a2c39e90264f33305004495a9","hash":"d50c36ed27a130cf3403d8330b1ca1df76e481d9"}
,"C:\\Users\\Surface\\Project\\SwapShop\\SwapShop\\screens\\forgot_password.js": {"path":"C:\\Users\\Surface\\Project\\SwapShop\\SwapShop\\screens\\forgot_password.js","statementMap":{"0":{"start":{"line":16,"column":17},"end":{"line":142,"column":1}},"1":{"start":{"line":17,"column":26},"end":{"line":20,"column":4}},"2":{"start":{"line":23,"column":23},"end":{"line":29,"column":3}},"3":{"start":{"line":25,"column":4},"end":{"line":28,"column":7}},"4":{"start":{"line":31,"column":21},"end":{"line":38,"column":3}},"5":{"start":{"line":33,"column":4},"end":{"line":37,"column":5}},"6":{"start":{"line":34,"column":6},"end":{"line":34,"column":39}},"7":{"start":{"line":36,"column":6},"end":{"line":36,"column":22}},"8":{"start":{"line":40,"column":24},"end":{"line":63,"column":3}},"9":{"start":{"line":42,"column":4},"end":{"line":62,"column":9}},"10":{"start":{"line":45,"column":8},"end":{"line":45,"column":58}},"11":{"start":{"line":48,"column":8},"end":{"line":52,"column":9}},"12":{"start":{"line":50,"column":10},"end":{"line":50,"column":29}},"13":{"start":{"line":51,"column":10},"end":{"line":51,"column":54}},"14":{"start":{"line":54,"column":8},"end":{"line":59,"column":9}},"15":{"start":{"line":55,"column":10},"end":{"line":55,"column":29}},"16":{"start":{"line":56,"column":10},"end":{"line":58,"column":12}},"17":{"start":{"line":61,"column":8},"end":{"line":61,"column":29}},"18":{"start":{"line":65,"column":2},"end":{"line":141,"column":4}},"19":{"start":{"line":116,"column":31},"end":{"line":116,"column":46}},"20":{"start":{"line":128,"column":27},"end":{"line":128,"column":55}},"21":{"start":{"line":135,"column":64},"end":{"line":135,"column":76}},"22":{"start":{"line":143,"column":14},"end":{"line":220,"column":2}}},"fnMap":{"0":{"name":"(anonymous_0)","decl":{"start":{"line":16,"column":17},"end":{"line":16,"column":18}},"loc":{"start":{"line":16,"column":35},"end":{"line":142,"column":1}},"line":16},"1":{"name":"(anonymous_1)","decl":{"start":{"line":23,"column":23},"end":{"line":23,"column":24}},"loc":{"start":{"line":23,"column":30},"end":{"line":29,"column":3}},"line":23},"2":{"name":"(anonymous_2)","decl":{"start":{"line":31,"column":21},"end":{"line":31,"column":22}},"loc":{"start":{"line":31,"column":27},"end":{"line":38,"column":3}},"line":31},"3":{"name":"(anonymous_3)","decl":{"start":{"line":40,"column":24},"end":{"line":40,"column":25}},"loc":{"start":{"line":40,"column":30},"end":{"line":63,"column":3}},"line":40},"4":{"name":"(anonymous_4)","decl":{"start":{"line":44,"column":12},"end":{"line":44,"column":13}},"loc":{"start":{"line":44,"column":18},"end":{"line":46,"column":7}},"line":44},"5":{"name":"(anonymous_5)","decl":{"start":{"line":47,"column":13},"end":{"line":47,"column":14}},"loc":{"start":{"line":47,"column":22},"end":{"line":62,"column":7}},"line":47},"6":{"name":"(anonymous_6)","decl":{"start":{"line":116,"column":26},"end":{"line":116,"column":27}},"loc":{"start":{"line":116,"column":31},"end":{"line":116,"column":46}},"line":116},"7":{"name":"(anonymous_7)","decl":{"start":{"line":128,"column":21},"end":{"line":128,"column":22}},"loc":{"start":{"line":128,"column":27},"end":{"line":128,"column":55}},"line":128},"8":{"name":"(anonymous_8)","decl":{"start":{"line":135,"column":58},"end":{"line":135,"column":59}},"loc":{"start":{"line":135,"column":64},"end":{"line":135,"column":76}},"line":135}},"branchMap":{"0":{"loc":{"start":{"line":33,"column":4},"end":{"line":37,"column":5}},"type":"if","locations":[{"start":{"line":33,"column":4},"end":{"line":37,"column":5}},{"start":{"line":35,"column":11},"end":{"line":37,"column":5}}],"line":33},"1":{"loc":{"start":{"line":48,"column":8},"end":{"line":52,"column":9}},"type":"if","locations":[{"start":{"line":48,"column":8},"end":{"line":52,"column":9}},{"start":{},"end":{}}],"line":48},"2":{"loc":{"start":{"line":54,"column":8},"end":{"line":59,"column":9}},"type":"if","locations":[{"start":{"line":54,"column":8},"end":{"line":59,"column":9}},{"start":{},"end":{}}],"line":54}},"s":{"0":1,"1":2,"2":2,"3":0,"4":2,"5":0,"6":0,"7":0,"8":2,"9":0,"10":0,"11":0,"12":0,"13":0,"14":0,"15":0,"16":0,"17":0,"18":2,"19":0,"20":1,"21":0,"22":1},"f":{"0":2,"1":0,"2":0,"3":0,"4":0,"5":0,"6":0,"7":1,"8":0},"b":{"0":[0,0],"1":[0,0],"2":[0,0]},"_coverageSchema":"1a1c01bbd47fc00a2c39e90264f33305004495a9","hash":"1fb8d98552742e30810ef4faa67468e42b8d23d7"}
,"C:\\Users\\Surface\\Project\\SwapShop\\SwapShop\\screens\\settings_page.js": {"path":"C:\\Users\\Surface\\Project\\SwapShop\\SwapShop\\screens\\settings_page.js","statementMap":{"0":{"start":{"line":11,"column":17},"end":{"line":130,"column":1}},"1":{"start":{"line":13,"column":38},"end":{"line":13,"column":52}},"2":{"start":{"line":14,"column":32},"end":{"line":14,"column":46}},"3":{"start":{"line":15,"column":16},"end":{"line":22,"column":2}},"4":{"start":{"line":16,"column":2},"end":{"line":20,"column":35}},"5":{"start":{"line":20,"column":2},"end":{"line":20,"column":33}},"6":{"start":{"line":21,"column":2},"end":{"line":21,"column":33}},"7":{"start":{"line":23,"column":2},"end":{"line":52,"column":9}},"8":{"start":{"line":24,"column":17},"end":{"line":24,"column":19}},"9":{"start":{"line":25,"column":24},"end":{"line":50,"column":5}},"10":{"start":{"line":26,"column":6},"end":{"line":49,"column":24}},"11":{"start":{"line":27,"column":7},"end":{"line":41,"column":13}},"12":{"start":{"line":31,"column":12},"end":{"line":31,"column":61}},"13":{"start":{"line":33,"column":12},"end":{"line":40,"column":15}},"14":{"start":{"line":34,"column":14},"end":{"line":38,"column":17}},"15":{"start":{"line":39,"column":14},"end":{"line":39,"column":59}},"16":{"start":{"line":42,"column":8},"end":{"line":42,"column":28}},"17":{"start":{"line":45,"column":8},"end":{"line":47,"column":9}},"18":{"start":{"line":46,"column":10},"end":{"line":46,"column":28}},"19":{"start":{"line":48,"column":8},"end":{"line":48,"column":34}},"20":{"start":{"line":51,"column":4},"end":{"line":51,"column":18}},"21":{"start":{"line":53,"column":2},"end":{"line":129,"column":4}},"22":{"start":{"line":81,"column":12},"end":{"line":83,"column":17}},"23":{"start":{"line":86,"column":32},"end":{"line":86,"column":39}},"24":{"start":{"line":90,"column":41},"end":{"line":90,"column":69}},"25":{"start":{"line":115,"column":24},"end":{"line":115,"column":33}}},"fnMap":{"0":{"name":"(anonymous_0)","decl":{"start":{"line":11,"column":17},"end":{"line":11,"column":18}},"loc":{"start":{"line":11,"column":35},"end":{"line":130,"column":1}},"line":11},"1":{"name":"(anonymous_1)","decl":{"start":{"line":15,"column":16},"end":{"line":15,"column":17}},"loc":{"start":{"line":15,"column":22},"end":{"line":22,"column":2}},"line":15},"2":{"name":"(anonymous_2)","decl":{"start":{"line":18,"column":8},"end":{"line":18,"column":9}},"loc":{"start":{"line":20,"column":2},"end":{"line":20,"column":33}},"line":20},"3":{"name":"(anonymous_3)","decl":{"start":{"line":23,"column":12},"end":{"line":23,"column":13}},"loc":{"start":{"line":23,"column":18},"end":{"line":52,"column":3}},"line":23},"4":{"name":"(anonymous_4)","decl":{"start":{"line":25,"column":24},"end":{"line":25,"column":25}},"loc":{"start":{"line":25,"column":36},"end":{"line":50,"column":5}},"line":25},"5":{"name":"(anonymous_5)","decl":{"start":{"line":30,"column":16},"end":{"line":30,"column":17}},"loc":{"start":{"line":30,"column":33},"end":{"line":41,"column":11}},"line":30},"6":{"name":"(anonymous_6)","decl":{"start":{"line":33,"column":34},"end":{"line":33,"column":35}},"loc":{"start":{"line":33,"column":41},"end":{"line":40,"column":13}},"line":33},"7":{"name":"(anonymous_7)","decl":{"start":{"line":80,"column":22},"end":{"line":80,"column":23}},"loc":{"start":{"line":81,"column":12},"end":{"line":83,"column":17}},"line":81},"8":{"name":"(anonymous_8)","decl":{"start":{"line":86,"column":24},"end":{"line":86,"column":25}},"loc":{"start":{"line":86,"column":32},"end":{"line":86,"column":39}},"line":86},"9":{"name":"(anonymous_9)","decl":{"start":{"line":90,"column":35},"end":{"line":90,"column":36}},"loc":{"start":{"line":90,"column":41},"end":{"line":90,"column":69}},"line":90},"10":{"name":"(anonymous_10)","decl":{"start":{"line":115,"column":19},"end":{"line":115,"column":20}},"loc":{"start":{"line":115,"column":24},"end":{"line":115,"column":33}},"line":115}},"branchMap":{"0":{"loc":{"start":{"line":45,"column":8},"end":{"line":47,"column":9}},"type":"if","locations":[{"start":{"line":45,"column":8},"end":{"line":47,"column":9}},{"start":{},"end":{}}],"line":45}},"s":{"0":1,"1":0,"2":0,"3":0,"4":0,"5":0,"6":0,"7":0,"8":0,"9":0,"10":0,"11":0,"12":0,"13":0,"14":0,"15":0,"16":0,"17":0,"18":0,"19":0,"20":0,"21":0,"22":0,"23":0,"24":0,"25":0},"f":{"0":0,"1":0,"2":0,"3":0,"4":0,"5":0,"6":0,"7":0,"8":0,"9":0,"10":0},"b":{"0":[0,0]},"_coverageSchema":"1a1c01bbd47fc00a2c39e90264f33305004495a9","hash":"ae83bed43fa2b7cc5d31f662b0b02e1b1bdebd61"}
}
