TN:
SF:assets\Image\gradient.jpg
FNF:0
FNH:0
DA:1,1
LF:1
LH:1
BRF:0
BRH:0
end_of_record
TN:
SF:assets\Image\image.png
FNF:0
FNH:0
DA:1,1
LF:1
LH:1
BRF:0
BRH:0
end_of_record
TN:
SF:screens\LoginScreen.js
FN:17,(anonymous_0)
FN:29,(anonymous_1)
FN:37,(anonymous_2)
FN:41,(anonymous_3)
FN:64,(anonymous_4)
FN:75,(anonymous_5)
FN:83,(anonymous_6)
FN:142,(anonymous_7)
FN:170,(anonymous_8)
FN:190,(anonymous_9)
FN:196,(anonymous_10)
FN:204,(anonymous_11)
FNF:12
FNH:2
FNDA:2,(anonymous_0)
FNDA:0,(anonymous_1)
FNDA:0,(anonymous_2)
FNDA:0,(anonymous_3)
FNDA:0,(anonymous_4)
FNDA:0,(anonymous_5)
FNDA:0,(anonymous_6)
FNDA:0,(anonymous_7)
FNDA:0,(anonymous_8)
FNDA:0,(anonymous_9)
FNDA:0,(anonymous_10)
FNDA:1,(anonymous_11)
DA:17,1
DA:18,2
DA:19,2
DA:21,2
DA:29,2
DA:32,0
DA:38,0
DA:39,0
DA:43,0
DA:44,0
DA:45,0
DA:48,0
DA:49,0
DA:50,0
DA:55,0
DA:56,0
DA:57,0
DA:60,0
DA:64,2
DA:66,0
DA:67,0
DA:68,0
DA:69,0
DA:71,0
DA:75,2
DA:77,0
DA:83,2
DA:85,0
DA:91,2
DA:142,0
DA:170,0
DA:190,0
DA:196,0
DA:204,1
DA:214,1
LF:35
LH:11
BRDA:43,0,0,0
BRDA:43,0,1,0
BRDA:48,1,0,0
BRDA:48,1,1,0
BRDA:55,2,0,0
BRDA:55,2,1,0
BRDA:66,3,0,0
BRDA:66,3,1,0
BRDA:66,4,0,0
BRDA:66,4,1,0
BRDA:68,5,0,0
BRDA:68,5,1,0
BRF:12
BRH:0
end_of_record
TN:
SF:screens\SignUpScreen.js
FN:26,(anonymous_0)
FN:41,(anonymous_1)
FN:50,(anonymous_2)
FN:53,(anonymous_3)
FN:58,(anonymous_4)
FN:66,(anonymous_5)
FN:79,(anonymous_6)
FN:102,(anonymous_7)
FN:120,(anonymous_8)
FN:128,(anonymous_9)
FN:136,(anonymous_10)
FN:144,(anonymous_11)
FN:152,(anonymous_12)
FN:210,(anonymous_13)
FN:236,(anonymous_14)
FN:262,(anonymous_15)
FN:289,(anonymous_16)
FN:319,(anonymous_17)
FN:364,(anonymous_18)
FN:371,(anonymous_19)
FNF:20
FNH:2
FNDA:2,(anonymous_0)
FNDA:0,(anonymous_1)
FNDA:0,(anonymous_2)
FNDA:0,(anonymous_3)
FNDA:0,(anonymous_4)
FNDA:0,(anonymous_5)
FNDA:0,(anonymous_6)
FNDA:0,(anonymous_7)
FNDA:0,(anonymous_8)
FNDA:0,(anonymous_9)
FNDA:0,(anonymous_10)
FNDA:0,(anonymous_11)
FNDA:0,(anonymous_12)
FNDA:0,(anonymous_13)
FNDA:0,(anonymous_14)
FNDA:0,(anonymous_15)
FNDA:0,(anonymous_16)
FNDA:0,(anonymous_17)
FNDA:0,(anonymous_18)
FNDA:1,(anonymous_19)
DA:26,1
DA:27,2
DA:28,2
DA:30,2
DA:41,2
DA:42,0
DA:51,0
DA:54,0
DA:58,2
DA:61,0
DA:68,0
DA:69,0
DA:70,0
DA:76,0
DA:77,0
DA:81,0
DA:82,0
DA:83,0
DA:86,0
DA:87,0
DA:88,0
DA:91,0
DA:92,0
DA:93,0
DA:98,0
DA:102,2
DA:104,0
DA:110,0
DA:111,0
DA:112,0
DA:113,0
DA:114,0
DA:116,0
DA:120,2
DA:122,0
DA:128,2
DA:130,0
DA:136,2
DA:138,0
DA:144,2
DA:146,0
DA:152,2
DA:154,0
DA:160,2
DA:210,0
DA:236,0
DA:262,0
DA:289,0
DA:319,0
DA:364,0
DA:371,1
DA:381,1
LF:52
LH:15
BRDA:81,0,0,0
BRDA:81,0,1,0
BRDA:86,1,0,0
BRDA:86,1,1,0
BRDA:91,2,0,0
BRDA:91,2,1,0
BRDA:104,3,0,0
BRDA:104,3,1,0
BRDA:105,4,0,0
BRDA:105,4,1,0
BRDA:105,4,2,0
BRDA:105,4,3,0
BRDA:111,5,0,0
BRDA:111,5,1,0
BRDA:113,6,0,0
BRDA:113,6,1,0
BRF:16
BRH:0
end_of_record
TN:
SF:screens\Welcome_Page.js
FN:13,(anonymous_0)
FN:17,onAuthStateChanged
FN:23,(anonymous_2)
FN:29,(anonymous_3)
FN:88,(anonymous_4)
FN:121,(anonymous_5)
FNF:6
FNH:3
FNDA:2,(anonymous_0)
FNDA:0,onAuthStateChanged
FNDA:2,(anonymous_2)
FNDA:0,(anonymous_3)
FNDA:1,(anonymous_4)
FNDA:0,(anonymous_5)
DA:13,1
DA:14,2
DA:15,2
DA:19,0
DA:20,0
DA:23,2
DA:25,2
DA:26,2
DA:29,2
DA:30,0
DA:31,0
DA:34,0
DA:36,0
DA:39,0
DA:40,0
DA:41,0
DA:44,2
DA:88,1
DA:121,0
LF:19
LH:9
BRDA:20,0,0,0
BRDA:20,0,1,0
BRDA:30,1,0,0
BRDA:30,1,1,0
BRDA:34,2,0,0
BRDA:34,2,1,0
BRDA:39,3,0,0
BRDA:39,3,1,0
BRF:8
BRH:0
end_of_record
TN:
SF:screens\forgot_password.js
FN:16,(anonymous_0)
FN:23,(anonymous_1)
FN:31,(anonymous_2)
FN:40,(anonymous_3)
FN:44,(anonymous_4)
FN:47,(anonymous_5)
FN:116,(anonymous_6)
FN:128,(anonymous_7)
FN:135,(anonymous_8)
FNF:9
FNH:2
FNDA:2,(anonymous_0)
FNDA:0,(anonymous_1)
FNDA:0,(anonymous_2)
FNDA:0,(anonymous_3)
FNDA:0,(anonymous_4)
FNDA:0,(anonymous_5)
FNDA:0,(anonymous_6)
FNDA:1,(anonymous_7)
FNDA:0,(anonymous_8)
DA:16,1
DA:17,2
DA:23,2
DA:25,0
DA:31,2
DA:33,0
DA:34,0
DA:36,0
DA:40,2
DA:42,0
DA:45,0
DA:48,0
DA:50,0
DA:51,0
DA:54,0
DA:55,0
DA:56,0
DA:61,0
DA:65,2
DA:116,0
DA:128,1
DA:135,0
DA:143,1
LF:23
LH:8
BRDA:33,0,0,0
BRDA:33,0,1,0
BRDA:48,1,0,0
BRDA:48,1,1,0
BRDA:54,2,0,0
BRDA:54,2,1,0
BRF:6
BRH:0
end_of_record
TN:
SF:screens\settings_page.js
FN:11,(anonymous_0)
FN:15,(anonymous_1)
FN:18,(anonymous_2)
FN:23,(anonymous_3)
FN:25,(anonymous_4)
FN:30,(anonymous_5)
FN:33,(anonymous_6)
FN:80,(anonymous_7)
FN:86,(anonymous_8)
FN:90,(anonymous_9)
FN:115,(anonymous_10)
FNF:11
FNH:0
FNDA:0,(anonymous_0)
FNDA:0,(anonymous_1)
FNDA:0,(anonymous_2)
FNDA:0,(anonymous_3)
FNDA:0,(anonymous_4)
FNDA:0,(anonymous_5)
FNDA:0,(anonymous_6)
FNDA:0,(anonymous_7)
FNDA:0,(anonymous_8)
FNDA:0,(anonymous_9)
FNDA:0,(anonymous_10)
DA:11,1
DA:13,0
DA:14,0
DA:15,0
DA:16,0
DA:20,0
DA:21,0
DA:23,0
DA:24,0
DA:25,0
DA:26,0
DA:27,0
DA:31,0
DA:33,0
DA:34,0
DA:39,0
DA:42,0
DA:45,0
DA:46,0
DA:48,0
DA:51,0
DA:53,0
DA:81,0
DA:86,0
DA:90,0
DA:115,0
LF:26
LH:1
BRDA:45,0,0,0
BRDA:45,0,1,0
BRF:2
BRH:0
end_of_record
